2021:06:03 18:06:58.615 INFO  --- [main] com.cnc.rating.RatingApplication : Starting RatingApplication using Java 11.0.11 on bss-bmt-urt-vm-dev-1 with PID 104053 (/home/P171580/cnc_bmt/build/libs/rating-0.0.1-SNAPSHOT.jar started by P171580 in /home/P171580/cnc_bmt/build/libs) 
2021:06:03 18:06:58.622 INFO  --- [main] com.cnc.rating.RatingApplication : The following profiles are active: azure 
2021:06:03 18:07:00.063 INFO  --- [main] o.s.d.r.c.RepositoryConfigurationDelegate : Bootstrapping Spring Data JPA repositories in DEFAULT mode. 
2021:06:03 18:07:00.080 INFO  --- [main] o.s.d.r.c.RepositoryConfigurationDelegate : Finished Spring Data repository scanning in 7 ms. Found 0 JPA repository interfaces. 
2021:06:03 18:07:00.180 WARN  --- [main] o.m.s.mapper.ClassPathMapperScanner : No MyBatis mapper was found in '[com.cnc.rating]' package. Please check your configuration. 
2021:06:03 18:07:00.852 INFO  --- [main] o.s.b.w.e.tomcat.TomcatWebServer : Tomcat initialized with port(s): 8081 (http) 
2021:06:03 18:07:00.869 INFO  --- [main] o.a.coyote.http11.Http11NioProtocol : Initializing ProtocolHandler ["http-nio-8081"] 
2021:06:03 18:07:00.870 INFO  --- [main] o.a.catalina.core.StandardService : Starting service [Tomcat] 
2021:06:03 18:07:00.870 INFO  --- [main] o.a.catalina.core.StandardEngine : Starting Servlet engine: [Apache Tomcat/9.0.45] 
2021:06:03 18:07:00.940 INFO  --- [main] o.a.c.c.C.[Tomcat].[localhost].[/] : Initializing Spring embedded WebApplicationContext 
2021:06:03 18:07:00.941 INFO  --- [main] o.s.b.w.s.c.ServletWebServerApplicationContext : Root WebApplicationContext: initialization completed in 2199 ms 
2021:06:03 18:07:01.363 INFO  --- [main] com.zaxxer.hikari.HikariDataSource : HikariPool-1 - Starting... 
2021:06:03 18:07:01.865 INFO  --- [main] com.zaxxer.hikari.HikariDataSource : HikariPool-1 - Start completed. 
2021:06:03 18:07:01.941 INFO  --- [main] o.h.jpa.internal.util.LogHelper : HHH000204: Processing PersistenceUnitInfo [name: default] 
2021:06:03 18:07:02.021 INFO  --- [main] org.hibernate.Version : HHH000412: Hibernate ORM core version 5.4.30.Final 
2021:06:03 18:07:02.305 INFO  --- [main] o.h.annotations.common.Version : HCANN000001: Hibernate Commons Annotations {5.1.2.Final} 
2021:06:03 18:07:02.503 INFO  --- [main] org.hibernate.dialect.Dialect : HHH000400: Using dialect: org.hibernate.dialect.PostgreSQL10Dialect 
2021:06:03 18:07:03.467 INFO  --- [main] o.h.e.t.j.p.i.JtaPlatformInitiator : HHH000490: Using JtaPlatform implementation: [org.hibernate.engine.transaction.jta.platform.internal.NoJtaPlatform] 
2021:06:03 18:07:03.477 INFO  --- [main] o.s.o.j.LocalContainerEntityManagerFactoryBean : Initialized JPA EntityManagerFactory for persistence unit 'default' 
2021:06:03 18:07:03.722 WARN  --- [main] o.s.b.a.o.j.JpaBaseConfiguration$JpaWebConfiguration : spring.jpa.open-in-view is enabled by default. Therefore, database queries may be performed during view rendering. Explicitly configure spring.jpa.open-in-view to disable this warning 
2021:06:03 18:07:03.858 INFO  --- [main] o.s.s.c.ThreadPoolTaskExecutor : Initializing ExecutorService 'applicationTaskExecutor' 
2021:06:03 18:07:04.215 INFO  --- [main] o.s.b.a.e.web.EndpointLinksResolver : Exposing 4 endpoint(s) beneath base path '/actuator' 
2021:06:03 18:07:04.255 INFO  --- [main] o.a.coyote.http11.Http11NioProtocol : Starting ProtocolHandler ["http-nio-8081"] 
2021:06:03 18:07:04.283 INFO  --- [main] o.s.b.w.e.tomcat.TomcatWebServer : Tomcat started on port(s): 8081 (http) with context path '' 
2021:06:03 18:07:04.309 INFO  --- [main] com.cnc.rating.RatingApplication : Started RatingApplication in 6.678 seconds (JVM running for 7.366) 
2021:06:03 18:08:01.845 INFO  --- [http-nio-8081-exec-1] o.a.c.c.C.[Tomcat].[localhost].[/] : Initializing Spring DispatcherServlet 'dispatcherServlet' 
2021:06:03 18:08:01.846 INFO  --- [http-nio-8081-exec-1] o.s.web.servlet.DispatcherServlet : Initializing Servlet 'dispatcherServlet' 
2021:06:03 18:08:01.847 INFO  --- [http-nio-8081-exec-1] o.s.web.servlet.DispatcherServlet : Completed initialization in 1 ms 
2021:06:03 18:08:36.060 INFO  --- [http-nio-8081-exec-1] c.c.r.service.AzureQueryService : service_mgmt_no : 7000000550, range : 4, duration : 34089, size : 12839  
2021:06:03 18:09:11.165 INFO  --- [http-nio-8081-exec-1] c.c.r.service.AzureQueryService : service_mgmt_no : 7000000551, range : 4, duration : 35070, size : 12531  
2021:06:03 18:09:53.599 INFO  --- [http-nio-8081-exec-3] c.c.r.service.AzureQueryService : service_mgmt_no : 7000000552, range : 4, duration : 42428, size : 12914  
2021:06:03 18:10:33.265 INFO  --- [http-nio-8081-exec-4] c.c.r.service.AzureQueryService : service_mgmt_no : 7000000553, range : 4, duration : 39659, size : 12704  
2021:06:03 18:11:05.384 INFO  --- [http-nio-8081-exec-5] c.c.r.service.AzureQueryService : service_mgmt_no : 7000000554, range : 4, duration : 32112, size : 12999  
2021:06:03 18:11:31.096 INFO  --- [http-nio-8081-exec-6] c.c.r.service.AzureQueryService : service_mgmt_no : 7000000555, range : 4, duration : 25705, size : 12861  
2021:06:03 18:11:56.450 INFO  --- [http-nio-8081-exec-7] c.c.r.service.AzureQueryService : service_mgmt_no : 7000000556, range : 4, duration : 25348, size : 13244  
2021:06:03 18:12:21.943 INFO  --- [http-nio-8081-exec-8] c.c.r.service.AzureQueryService : service_mgmt_no : 7000000557, range : 4, duration : 25487, size : 12716  
2021:06:03 18:12:45.833 INFO  --- [http-nio-8081-exec-9] c.c.r.service.AzureQueryService : service_mgmt_no : 7000000558, range : 4, duration : 23880, size : 13009  
2021:06:03 18:13:14.621 INFO  --- [http-nio-8081-exec-10] c.c.r.service.AzureQueryService : service_mgmt_no : 7000000559, range : 4, duration : 28784, size : 12740  
2021:06:03 18:13:47.916 INFO  --- [http-nio-8081-exec-2] c.c.r.service.AzureQueryService : service_mgmt_no : 7000000560, range : 4, duration : 33291, size : 13139  
2021:06:03 18:14:16.359 INFO  --- [http-nio-8081-exec-1] c.c.r.service.AzureQueryService : service_mgmt_no : 7000000561, range : 4, duration : 28439, size : 12762  
2021:06:03 18:14:42.360 INFO  --- [http-nio-8081-exec-3] c.c.r.service.AzureQueryService : service_mgmt_no : 7000000562, range : 4, duration : 25997, size : 12242  
2021:06:03 18:15:14.790 INFO  --- [http-nio-8081-exec-4] c.c.r.service.AzureQueryService : service_mgmt_no : 7000000563, range : 4, duration : 32425, size : 12811  
2021:06:03 18:15:45.844 INFO  --- [http-nio-8081-exec-5] c.c.r.service.AzureQueryService : service_mgmt_no : 7000000564, range : 4, duration : 31050, size : 13034  
2021:06:03 18:16:13.706 INFO  --- [http-nio-8081-exec-6] c.c.r.service.AzureQueryService : service_mgmt_no : 7000000565, range : 4, duration : 27857, size : 12652  
2021:06:03 18:16:41.147 INFO  --- [http-nio-8081-exec-7] c.c.r.service.AzureQueryService : service_mgmt_no : 7000000566, range : 4, duration : 27437, size : 12808  
2021:06:03 18:17:12.470 INFO  --- [http-nio-8081-exec-8] c.c.r.service.AzureQueryService : service_mgmt_no : 7000000567, range : 4, duration : 31319, size : 12986  
2021:06:03 18:17:38.471 INFO  --- [http-nio-8081-exec-9] c.c.r.service.AzureQueryService : service_mgmt_no : 7000000568, range : 4, duration : 25998, size : 12547  
2021:06:03 18:18:07.662 INFO  --- [http-nio-8081-exec-10] c.c.r.service.AzureQueryService : service_mgmt_no : 7000000569, range : 4, duration : 29187, size : 12876  
2021:06:03 18:18:38.540 INFO  --- [http-nio-8081-exec-2] c.c.r.service.AzureQueryService : service_mgmt_no : 7000000570, range : 4, duration : 30872, size : 12441  
2021:06:03 18:19:07.922 INFO  --- [http-nio-8081-exec-1] c.c.r.service.AzureQueryService : service_mgmt_no : 7000000571, range : 4, duration : 29379, size : 12567  
2021:06:03 18:19:38.005 INFO  --- [http-nio-8081-exec-3] c.c.r.service.AzureQueryService : service_mgmt_no : 7000000572, range : 4, duration : 30080, size : 12512  
2021:06:03 18:20:10.230 INFO  --- [http-nio-8081-exec-4] c.c.r.service.AzureQueryService : service_mgmt_no : 7000000573, range : 4, duration : 32218, size : 12714  
2021:06:03 18:20:37.190 INFO  --- [http-nio-8081-exec-5] c.c.r.service.AzureQueryService : service_mgmt_no : 7000000574, range : 4, duration : 26956, size : 12609  
2021:06:03 18:21:05.082 INFO  --- [http-nio-8081-exec-6] c.c.r.service.AzureQueryService : service_mgmt_no : 7000000575, range : 4, duration : 27888, size : 12872  
2021:06:03 18:21:34.424 INFO  --- [http-nio-8081-exec-7] c.c.r.service.AzureQueryService : service_mgmt_no : 7000000576, range : 4, duration : 29331, size : 12723  
2021:06:03 18:22:04.815 INFO  --- [http-nio-8081-exec-8] c.c.r.service.AzureQueryService : service_mgmt_no : 7000000577, range : 4, duration : 30387, size : 12616  
2021:06:03 18:22:31.857 INFO  --- [http-nio-8081-exec-9] c.c.r.service.AzureQueryService : service_mgmt_no : 7000000578, range : 4, duration : 27036, size : 12929  
2021:06:03 18:23:00.529 INFO  --- [http-nio-8081-exec-10] c.c.r.service.AzureQueryService : service_mgmt_no : 7000000579, range : 4, duration : 28663, size : 13073  
2021:06:03 18:23:32.557 INFO  --- [http-nio-8081-exec-2] c.c.r.service.AzureQueryService : service_mgmt_no : 7000000580, range : 4, duration : 32025, size : 12476  
2021:06:03 18:23:57.194 INFO  --- [http-nio-8081-exec-1] c.c.r.service.AzureQueryService : service_mgmt_no : 7000000581, range : 4, duration : 24631, size : 12663  
2021:06:03 18:24:24.820 INFO  --- [http-nio-8081-exec-3] c.c.r.service.AzureQueryService : service_mgmt_no : 7000000582, range : 4, duration : 27622, size : 12679  
2021:06:03 18:24:56.792 INFO  --- [http-nio-8081-exec-4] c.c.r.service.AzureQueryService : service_mgmt_no : 7000000583, range : 4, duration : 31969, size : 12847  
2021:06:03 18:25:28.820 INFO  --- [http-nio-8081-exec-5] c.c.r.service.AzureQueryService : service_mgmt_no : 7000000584, range : 4, duration : 32024, size : 13046  
2021:06:03 18:25:57.108 INFO  --- [http-nio-8081-exec-6] c.c.r.service.AzureQueryService : service_mgmt_no : 7000000585, range : 4, duration : 28285, size : 12516  
2021:06:03 18:26:26.387 INFO  --- [http-nio-8081-exec-7] c.c.r.service.AzureQueryService : service_mgmt_no : 7000000586, range : 4, duration : 29276, size : 12525  
2021:06:03 18:26:56.532 INFO  --- [http-nio-8081-exec-8] c.c.r.service.AzureQueryService : service_mgmt_no : 7000000587, range : 4, duration : 30141, size : 12543  
2021:06:03 18:27:26.119 INFO  --- [http-nio-8081-exec-9] c.c.r.service.AzureQueryService : service_mgmt_no : 7000000588, range : 4, duration : 29583, size : 12885  
2021:06:03 18:27:52.526 INFO  --- [http-nio-8081-exec-10] c.c.r.service.AzureQueryService : service_mgmt_no : 7000000589, range : 4, duration : 26404, size : 12646  
2021:06:03 18:28:25.582 INFO  --- [http-nio-8081-exec-2] c.c.r.service.AzureQueryService : service_mgmt_no : 7000000590, range : 4, duration : 33039, size : 12817  
2021:06:03 18:28:57.931 INFO  --- [http-nio-8081-exec-1] c.c.r.service.AzureQueryService : service_mgmt_no : 7000000591, range : 4, duration : 32346, size : 12573  
2021:06:03 18:29:26.898 INFO  --- [http-nio-8081-exec-3] c.c.r.service.AzureQueryService : service_mgmt_no : 7000000592, range : 4, duration : 28963, size : 12656  
2021:06:03 18:29:55.592 INFO  --- [http-nio-8081-exec-4] c.c.r.service.AzureQueryService : service_mgmt_no : 7000000593, range : 4, duration : 28690, size : 12657  
2021:06:03 18:30:24.473 INFO  --- [http-nio-8081-exec-5] c.c.r.service.AzureQueryService : service_mgmt_no : 7000000594, range : 4, duration : 28878, size : 13064  
2021:06:03 18:31:01.890 INFO  --- [http-nio-8081-exec-6] c.c.r.service.AzureQueryService : service_mgmt_no : 7000000595, range : 4, duration : 37414, size : 12723  
2021:06:03 18:31:17.853 INFO  --- [http-nio-8081-exec-7] c.c.r.service.AzureQueryService : service_mgmt_no : 7000000596, range : 4, duration : 15960, size : 12458  
2021:06:03 18:31:49.079 INFO  --- [http-nio-8081-exec-8] c.c.r.service.AzureQueryService : service_mgmt_no : 7000000597, range : 4, duration : 31223, size : 12959  
2021:06:03 18:32:19.876 INFO  --- [http-nio-8081-exec-9] c.c.r.service.AzureQueryService : service_mgmt_no : 7000000598, range : 4, duration : 30793, size : 13024  
2021:06:03 18:32:49.250 INFO  --- [http-nio-8081-exec-10] c.c.r.service.AzureQueryService : service_mgmt_no : 7000000599, range : 4, duration : 29371, size : 12797  
