2021:06:07 08:49:21.469 INFO  --- [main] com.cnc.rating.RatingApplication : Starting RatingApplication using Java 11.0.11 on bss-bmt-urt-vm-dev-1 with PID 144173 (/home/P171580/cnc_bmt/build/libs/rating-0.0.1-SNAPSHOT.jar started by P171580 in /home/P171580/cnc_bmt/build/libs) 
2021:06:07 08:49:21.493 INFO  --- [main] com.cnc.rating.RatingApplication : The following profiles are active: azure 
2021:06:07 08:49:22.922 INFO  --- [main] o.s.d.r.c.RepositoryConfigurationDelegate : Bootstrapping Spring Data JPA repositories in DEFAULT mode. 
2021:06:07 08:49:22.939 INFO  --- [main] o.s.d.r.c.RepositoryConfigurationDelegate : Finished Spring Data repository scanning in 7 ms. Found 0 JPA repository interfaces. 
2021:06:07 08:49:23.045 WARN  --- [main] o.m.s.mapper.ClassPathMapperScanner : No MyBatis mapper was found in '[com.cnc.rating]' package. Please check your configuration. 
2021:06:07 08:49:23.680 INFO  --- [main] o.s.b.w.e.tomcat.TomcatWebServer : Tomcat initialized with port(s): 8081 (http) 
2021:06:07 08:49:23.693 INFO  --- [main] o.a.coyote.http11.Http11NioProtocol : Initializing ProtocolHandler ["http-nio-8081"] 
2021:06:07 08:49:23.694 INFO  --- [main] o.a.catalina.core.StandardService : Starting service [Tomcat] 
2021:06:07 08:49:23.694 INFO  --- [main] o.a.catalina.core.StandardEngine : Starting Servlet engine: [Apache Tomcat/9.0.45] 
2021:06:07 08:49:23.750 INFO  --- [main] o.a.c.c.C.[Tomcat].[localhost].[/] : Initializing Spring embedded WebApplicationContext 
2021:06:07 08:49:23.751 INFO  --- [main] o.s.b.w.s.c.ServletWebServerApplicationContext : Root WebApplicationContext: initialization completed in 2150 ms 
2021:06:07 08:49:24.125 INFO  --- [main] com.zaxxer.hikari.HikariDataSource : HikariPool-1 - Starting... 
2021:06:07 08:49:24.604 INFO  --- [main] com.zaxxer.hikari.HikariDataSource : HikariPool-1 - Start completed. 
2021:06:07 08:49:24.699 INFO  --- [main] o.h.jpa.internal.util.LogHelper : HHH000204: Processing PersistenceUnitInfo [name: default] 
2021:06:07 08:49:24.800 INFO  --- [main] org.hibernate.Version : HHH000412: Hibernate ORM core version 5.4.30.Final 
2021:06:07 08:49:25.072 INFO  --- [main] o.h.annotations.common.Version : HCANN000001: Hibernate Commons Annotations {5.1.2.Final} 
2021:06:07 08:49:25.227 INFO  --- [main] org.hibernate.dialect.Dialect : HHH000400: Using dialect: org.hibernate.dialect.PostgreSQL10Dialect 
2021:06:07 08:49:26.128 INFO  --- [main] o.h.e.t.j.p.i.JtaPlatformInitiator : HHH000490: Using JtaPlatform implementation: [org.hibernate.engine.transaction.jta.platform.internal.NoJtaPlatform] 
2021:06:07 08:49:26.136 INFO  --- [main] o.s.o.j.LocalContainerEntityManagerFactoryBean : Initialized JPA EntityManagerFactory for persistence unit 'default' 
2021:06:07 08:49:26.381 WARN  --- [main] o.s.b.a.o.j.JpaBaseConfiguration$JpaWebConfiguration : spring.jpa.open-in-view is enabled by default. Therefore, database queries may be performed during view rendering. Explicitly configure spring.jpa.open-in-view to disable this warning 
2021:06:07 08:49:26.522 INFO  --- [main] o.s.s.c.ThreadPoolTaskExecutor : Initializing ExecutorService 'applicationTaskExecutor' 
2021:06:07 08:49:26.839 INFO  --- [main] o.s.b.a.e.web.EndpointLinksResolver : Exposing 4 endpoint(s) beneath base path '/actuator' 
2021:06:07 08:49:26.878 INFO  --- [main] o.a.coyote.http11.Http11NioProtocol : Starting ProtocolHandler ["http-nio-8081"] 
2021:06:07 08:49:26.900 INFO  --- [main] o.s.b.w.e.tomcat.TomcatWebServer : Tomcat started on port(s): 8081 (http) with context path '' 
2021:06:07 08:49:26.932 INFO  --- [main] com.cnc.rating.RatingApplication : Started RatingApplication in 6.436 seconds (JVM running for 7.121) 
2021:06:07 08:49:37.354 INFO  --- [http-nio-8081-exec-1] o.a.c.c.C.[Tomcat].[localhost].[/] : Initializing Spring DispatcherServlet 'dispatcherServlet' 
2021:06:07 08:49:37.355 INFO  --- [http-nio-8081-exec-1] o.s.web.servlet.DispatcherServlet : Initializing Servlet 'dispatcherServlet' 
2021:06:07 08:49:37.356 INFO  --- [http-nio-8081-exec-1] o.s.web.servlet.DispatcherServlet : Completed initialization in 1 ms 
2021:06:07 08:50:11.762 INFO  --- [http-nio-8081-exec-1] c.c.r.service.AzureQueryService : service_mgmt_no : 7000002475, range : 5, duration : 34293, size : 15919  
2021:06:07 08:50:40.523 INFO  --- [http-nio-8081-exec-6] c.c.r.service.AzureQueryService : service_mgmt_no : 7000002484, range : 5, duration : 28674, size : 15254  
2021:06:07 08:50:40.745 INFO  --- [http-nio-8081-exec-9] c.c.r.service.AzureQueryService : service_mgmt_no : 7000002481, range : 5, duration : 28902, size : 15317  
2021:06:07 08:50:42.808 INFO  --- [http-nio-8081-exec-7] c.c.r.service.AzureQueryService : service_mgmt_no : 7000002483, range : 5, duration : 30961, size : 15459  
2021:06:07 08:50:42.829 INFO  --- [http-nio-8081-exec-5] c.c.r.service.AzureQueryService : service_mgmt_no : 7000002485, range : 5, duration : 30977, size : 15971  
2021:06:07 08:50:44.797 INFO  --- [http-nio-8081-exec-10] c.c.r.service.AzureQueryService : service_mgmt_no : 7000002480, range : 5, duration : 32958, size : 15448  
2021:06:07 08:50:46.597 INFO  --- [http-nio-8081-exec-1] c.c.r.service.AzureQueryService : service_mgmt_no : 7000002477, range : 5, duration : 34786, size : 15638  
2021:06:07 08:50:46.865 INFO  --- [http-nio-8081-exec-8] c.c.r.service.AzureQueryService : service_mgmt_no : 7000002482, range : 5, duration : 35021, size : 15390  
2021:06:07 08:50:46.919 INFO  --- [http-nio-8081-exec-4] c.c.r.service.AzureQueryService : service_mgmt_no : 7000002479, range : 5, duration : 35086, size : 15543  
2021:06:07 08:50:47.102 INFO  --- [http-nio-8081-exec-3] c.c.r.service.AzureQueryService : service_mgmt_no : 7000002478, range : 5, duration : 35280, size : 15624  
2021:06:07 08:50:47.634 INFO  --- [http-nio-8081-exec-2] c.c.r.service.AzureQueryService : service_mgmt_no : 7000002476, range : 5, duration : 35829, size : 15997  
2021:06:07 08:51:12.870 INFO  --- [http-nio-8081-exec-9] c.c.r.service.AzureQueryService : service_mgmt_no : 7000002487, range : 5, duration : 32118, size : 15658  
2021:06:07 08:51:16.464 INFO  --- [http-nio-8081-exec-6] c.c.r.service.AzureQueryService : service_mgmt_no : 7000002486, range : 5, duration : 35923, size : 15332  
2021:06:07 08:51:17.104 INFO  --- [http-nio-8081-exec-1] c.c.r.service.AzureQueryService : service_mgmt_no : 7000002491, range : 5, duration : 30503, size : 15450  
2021:06:07 08:51:17.239 INFO  --- [http-nio-8081-exec-7] c.c.r.service.AzureQueryService : service_mgmt_no : 7000002488, range : 5, duration : 34424, size : 15647  
2021:06:07 08:51:17.716 INFO  --- [http-nio-8081-exec-5] c.c.r.service.AzureQueryService : service_mgmt_no : 7000002489, range : 5, duration : 34882, size : 15801  
2021:06:07 08:51:19.343 INFO  --- [http-nio-8081-exec-10] c.c.r.service.AzureQueryService : service_mgmt_no : 7000002490, range : 5, duration : 34540, size : 15398  
2021:06:07 08:51:19.877 INFO  --- [http-nio-8081-exec-8] c.c.r.service.AzureQueryService : service_mgmt_no : 7000002492, range : 5, duration : 33007, size : 15641  
2021:06:07 08:51:20.771 INFO  --- [http-nio-8081-exec-2] c.c.r.service.AzureQueryService : service_mgmt_no : 7000002495, range : 5, duration : 33132, size : 15171  
2021:06:07 08:51:21.744 INFO  --- [http-nio-8081-exec-3] c.c.r.service.AzureQueryService : service_mgmt_no : 7000002494, range : 5, duration : 34638, size : 15732  
2021:06:07 08:51:23.581 INFO  --- [http-nio-8081-exec-4] c.c.r.service.AzureQueryService : service_mgmt_no : 7000002493, range : 5, duration : 36659, size : 15724  
2021:06:07 08:51:48.063 INFO  --- [http-nio-8081-exec-6] c.c.r.service.AzureQueryService : service_mgmt_no : 7000002497, range : 5, duration : 31594, size : 15555  
2021:06:07 08:51:49.957 INFO  --- [http-nio-8081-exec-7] c.c.r.service.AzureQueryService : service_mgmt_no : 7000002499, range : 5, duration : 32714, size : 15753  
2021:06:07 08:51:50.092 INFO  --- [http-nio-8081-exec-9] c.c.r.service.AzureQueryService : service_mgmt_no : 7000002496, range : 5, duration : 37217, size : 15563  
2021:06:07 08:51:52.083 INFO  --- [http-nio-8081-exec-1] c.c.r.service.AzureQueryService : service_mgmt_no : 7000002498, range : 5, duration : 34975, size : 15653  
2021:06:07 08:52:19.336 INFO  --- [SpringContextShutdownHook] o.s.s.c.ThreadPoolTaskExecutor : Shutting down ExecutorService 'applicationTaskExecutor' 
2021:06:07 08:52:19.336 INFO  --- [SpringContextShutdownHook] o.s.o.j.LocalContainerEntityManagerFactoryBean : Closing JPA EntityManagerFactory for persistence unit 'default' 
2021:06:07 08:52:19.343 INFO  --- [SpringContextShutdownHook] com.zaxxer.hikari.HikariDataSource : HikariPool-1 - Shutdown initiated... 
2021:06:07 08:52:19.352 INFO  --- [SpringContextShutdownHook] com.zaxxer.hikari.HikariDataSource : HikariPool-1 - Shutdown completed. 
