2021:06:07 08:27:20.687 INFO  --- [main] com.cnc.rating.RatingApplication : Starting RatingApplication using Java 11.0.11 on bss-bmt-urt-vm-dev-1 with PID 143790 (/home/P171580/cnc_bmt/build/libs/rating-0.0.1-SNAPSHOT.jar started by P171580 in /home/P171580/cnc_bmt/build/libs) 
2021:06:07 08:27:20.691 INFO  --- [main] com.cnc.rating.RatingApplication : The following profiles are active: azure 
2021:06:07 08:27:22.428 INFO  --- [main] o.s.d.r.c.RepositoryConfigurationDelegate : Bootstrapping Spring Data JPA repositories in DEFAULT mode. 
2021:06:07 08:27:22.448 INFO  --- [main] o.s.d.r.c.RepositoryConfigurationDelegate : Finished Spring Data repository scanning in 9 ms. Found 0 JPA repository interfaces. 
2021:06:07 08:27:22.605 WARN  --- [main] o.m.s.mapper.ClassPathMapperScanner : No MyBatis mapper was found in '[com.cnc.rating]' package. Please check your configuration. 
2021:06:07 08:27:23.438 INFO  --- [main] o.s.b.w.e.tomcat.TomcatWebServer : Tomcat initialized with port(s): 8081 (http) 
2021:06:07 08:27:23.455 INFO  --- [main] o.a.coyote.http11.Http11NioProtocol : Initializing ProtocolHandler ["http-nio-8081"] 
2021:06:07 08:27:23.455 INFO  --- [main] o.a.catalina.core.StandardService : Starting service [Tomcat] 
2021:06:07 08:27:23.456 INFO  --- [main] o.a.catalina.core.StandardEngine : Starting Servlet engine: [Apache Tomcat/9.0.45] 
2021:06:07 08:27:23.529 INFO  --- [main] o.a.c.c.C.[Tomcat].[localhost].[/] : Initializing Spring embedded WebApplicationContext 
2021:06:07 08:27:23.529 INFO  --- [main] o.s.b.w.s.c.ServletWebServerApplicationContext : Root WebApplicationContext: initialization completed in 2715 ms 
2021:06:07 08:27:23.966 INFO  --- [main] com.zaxxer.hikari.HikariDataSource : HikariPool-1 - Starting... 
2021:06:07 08:27:24.421 INFO  --- [main] com.zaxxer.hikari.HikariDataSource : HikariPool-1 - Start completed. 
2021:06:07 08:27:24.486 INFO  --- [main] o.h.jpa.internal.util.LogHelper : HHH000204: Processing PersistenceUnitInfo [name: default] 
2021:06:07 08:27:24.562 INFO  --- [main] org.hibernate.Version : HHH000412: Hibernate ORM core version 5.4.30.Final 
2021:06:07 08:27:24.826 INFO  --- [main] o.h.annotations.common.Version : HCANN000001: Hibernate Commons Annotations {5.1.2.Final} 
2021:06:07 08:27:25.082 INFO  --- [main] org.hibernate.dialect.Dialect : HHH000400: Using dialect: org.hibernate.dialect.PostgreSQL10Dialect 
2021:06:07 08:27:26.146 INFO  --- [main] o.h.e.t.j.p.i.JtaPlatformInitiator : HHH000490: Using JtaPlatform implementation: [org.hibernate.engine.transaction.jta.platform.internal.NoJtaPlatform] 
2021:06:07 08:27:26.158 INFO  --- [main] o.s.o.j.LocalContainerEntityManagerFactoryBean : Initialized JPA EntityManagerFactory for persistence unit 'default' 
2021:06:07 08:27:26.462 WARN  --- [main] o.s.b.a.o.j.JpaBaseConfiguration$JpaWebConfiguration : spring.jpa.open-in-view is enabled by default. Therefore, database queries may be performed during view rendering. Explicitly configure spring.jpa.open-in-view to disable this warning 
2021:06:07 08:27:26.633 INFO  --- [main] o.s.s.c.ThreadPoolTaskExecutor : Initializing ExecutorService 'applicationTaskExecutor' 
2021:06:07 08:27:27.011 INFO  --- [main] o.s.b.a.e.web.EndpointLinksResolver : Exposing 4 endpoint(s) beneath base path '/actuator' 
2021:06:07 08:27:27.059 INFO  --- [main] o.a.coyote.http11.Http11NioProtocol : Starting ProtocolHandler ["http-nio-8081"] 
2021:06:07 08:27:27.077 INFO  --- [main] o.s.b.w.e.tomcat.TomcatWebServer : Tomcat started on port(s): 8081 (http) with context path '' 
2021:06:07 08:27:27.104 INFO  --- [main] com.cnc.rating.RatingApplication : Started RatingApplication in 7.553 seconds (JVM running for 8.251) 
2021:06:07 08:27:37.371 INFO  --- [http-nio-8081-exec-1] o.a.c.c.C.[Tomcat].[localhost].[/] : Initializing Spring DispatcherServlet 'dispatcherServlet' 
2021:06:07 08:27:37.371 INFO  --- [http-nio-8081-exec-1] o.s.web.servlet.DispatcherServlet : Initializing Servlet 'dispatcherServlet' 
2021:06:07 08:27:37.373 INFO  --- [http-nio-8081-exec-1] o.s.web.servlet.DispatcherServlet : Completed initialization in 2 ms 
2021:06:07 08:28:44.469 INFO  --- [http-nio-8081-exec-1] c.c.r.service.AzureQueryService : service_mgmt_no : 7000002350, range : 10, duration : 66961, size : 30738  
2021:06:07 08:29:42.406 INFO  --- [http-nio-8081-exec-10] c.c.r.service.AzureQueryService : service_mgmt_no : 7000002355, range : 10, duration : 57828, size : 30118  
2021:06:07 08:29:46.845 INFO  --- [http-nio-8081-exec-4] c.c.r.service.AzureQueryService : service_mgmt_no : 7000002351, range : 10, duration : 62320, size : 30130  
2021:06:07 08:29:47.209 INFO  --- [http-nio-8081-exec-2] c.c.r.service.AzureQueryService : service_mgmt_no : 7000002354, range : 10, duration : 62641, size : 30263  
2021:06:07 08:29:47.436 INFO  --- [http-nio-8081-exec-6] c.c.r.service.AzureQueryService : service_mgmt_no : 7000002358, range : 10, duration : 62833, size : 30806  
2021:06:07 08:29:48.428 INFO  --- [http-nio-8081-exec-8] c.c.r.service.AzureQueryService : service_mgmt_no : 7000002360, range : 10, duration : 63816, size : 30951  
2021:06:07 08:29:50.125 INFO  --- [http-nio-8081-exec-9] c.c.r.service.AzureQueryService : service_mgmt_no : 7000002356, range : 10, duration : 65546, size : 31197  
2021:06:07 08:29:50.431 INFO  --- [http-nio-8081-exec-7] c.c.r.service.AzureQueryService : service_mgmt_no : 7000002359, range : 10, duration : 65820, size : 30982  
2021:06:07 08:29:52.227 INFO  --- [http-nio-8081-exec-3] c.c.r.service.AzureQueryService : service_mgmt_no : 7000002357, range : 10, duration : 67638, size : 31009  
2021:06:07 08:29:52.459 INFO  --- [http-nio-8081-exec-5] c.c.r.service.AzureQueryService : service_mgmt_no : 7000002352, range : 10, duration : 67906, size : 30227  
2021:06:07 08:29:56.923 INFO  --- [http-nio-8081-exec-11] c.c.r.service.AzureQueryService : service_mgmt_no : 7000002353, range : 10, duration : 72327, size : 32000  
2021:06:07 08:30:44.095 INFO  --- [http-nio-8081-exec-2] c.c.r.service.AzureQueryService : service_mgmt_no : 7000002364, range : 10, duration : 56645, size : 30418  
2021:06:07 08:30:47.646 INFO  --- [http-nio-8081-exec-6] c.c.r.service.AzureQueryService : service_mgmt_no : 7000002365, range : 10, duration : 59210, size : 30980  
2021:06:07 08:30:53.133 INFO  --- [http-nio-8081-exec-8] c.c.r.service.AzureQueryService : service_mgmt_no : 7000002366, range : 10, duration : 63003, size : 31079  
2021:06:07 08:30:54.387 INFO  --- [http-nio-8081-exec-9] c.c.r.service.AzureQueryService : service_mgmt_no : 7000002367, range : 10, duration : 63951, size : 31202  
2021:06:07 08:30:55.485 INFO  --- [http-nio-8081-exec-4] c.c.r.service.AzureQueryService : service_mgmt_no : 7000002363, range : 10, duration : 68262, size : 30687  
2021:06:07 08:30:55.731 INFO  --- [http-nio-8081-exec-1] c.c.r.service.AzureQueryService : service_mgmt_no : 7000002361, range : 10, duration : 73307, size : 31853  
2021:06:07 08:30:59.210 INFO  --- [http-nio-8081-exec-10] c.c.r.service.AzureQueryService : service_mgmt_no : 7000002362, range : 10, duration : 72347, size : 31811  
2021:06:07 08:31:07.207 INFO  --- [http-nio-8081-exec-7] c.c.r.service.AzureQueryService : service_mgmt_no : 7000002368, range : 10, duration : 74975, size : 31309  
2021:06:07 08:31:12.298 INFO  --- [http-nio-8081-exec-3] c.c.r.service.AzureQueryService : service_mgmt_no : 7000002369, range : 10, duration : 79835, size : 31387  
2021:06:07 08:31:21.119 INFO  --- [http-nio-8081-exec-5] c.c.r.service.AzureQueryService : service_mgmt_no : 7000002370, range : 10, duration : 84192, size : 30799  
2021:06:07 08:31:55.464 INFO  --- [http-nio-8081-exec-11] c.c.r.service.AzureQueryService : service_mgmt_no : 7000002371, range : 10, duration : 71364, size : 30932  
2021:06:07 08:31:59.248 INFO  --- [http-nio-8081-exec-2] c.c.r.service.AzureQueryService : service_mgmt_no : 7000002372, range : 10, duration : 71598, size : 30751  
2021:06:07 08:32:00.737 INFO  --- [http-nio-8081-exec-6] c.c.r.service.AzureQueryService : service_mgmt_no : 7000002373, range : 10, duration : 67601, size : 31521  
2021:06:07 08:32:02.577 INFO  --- [http-nio-8081-exec-8] c.c.r.service.AzureQueryService : service_mgmt_no : 7000002374, range : 10, duration : 68186, size : 31256  
2021:06:07 08:32:08.162 INFO  --- [SpringContextShutdownHook] o.s.s.c.ThreadPoolTaskExecutor : Shutting down ExecutorService 'applicationTaskExecutor' 
2021:06:07 08:32:08.163 INFO  --- [SpringContextShutdownHook] o.s.o.j.LocalContainerEntityManagerFactoryBean : Closing JPA EntityManagerFactory for persistence unit 'default' 
2021:06:07 08:32:08.165 INFO  --- [SpringContextShutdownHook] com.zaxxer.hikari.HikariDataSource : HikariPool-1 - Shutdown initiated... 
2021:06:07 08:32:08.173 INFO  --- [SpringContextShutdownHook] com.zaxxer.hikari.HikariDataSource : HikariPool-1 - Shutdown completed. 
