2021:08:18 18:55:51.456 INFO  --- [main] com.cnc.rating.RatingApplication : Starting RatingApplication using Java 11.0.11 on BSS-URT-BMT-VM-App-1 with PID 461431 (/home/P171580/cnc_bmt/build/libs/rating-0.0.1-SNAPSHOT.jar started by P171580 in /home/P171580/cnc_bmt/build/libs) 
2021:08:18 18:55:51.458 INFO  --- [main] com.cnc.rating.RatingApplication : The following profiles are active: azure 
2021:08:18 18:55:52.271 INFO  --- [main] o.s.d.r.c.RepositoryConfigurationDelegate : Bootstrapping Spring Data JPA repositories in DEFAULT mode. 
2021:08:18 18:55:52.283 INFO  --- [main] o.s.d.r.c.RepositoryConfigurationDelegate : Finished Spring Data repository scanning in 5 ms. Found 0 JPA repository interfaces. 
2021:08:18 18:55:52.778 INFO  --- [main] o.s.b.w.e.tomcat.TomcatWebServer : Tomcat initialized with port(s): 8081 (http) 
2021:08:18 18:55:52.790 INFO  --- [main] o.a.coyote.http11.Http11NioProtocol : Initializing ProtocolHandler ["http-nio-8081"] 
2021:08:18 18:55:52.791 INFO  --- [main] o.a.catalina.core.StandardService : Starting service [Tomcat] 
2021:08:18 18:55:52.791 INFO  --- [main] o.a.catalina.core.StandardEngine : Starting Servlet engine: [Apache Tomcat/9.0.45] 
2021:08:18 18:55:52.839 INFO  --- [main] o.a.c.c.C.[Tomcat].[localhost].[/] : Initializing Spring embedded WebApplicationContext 
2021:08:18 18:55:52.839 INFO  --- [main] o.s.b.w.s.c.ServletWebServerApplicationContext : Root WebApplicationContext: initialization completed in 1332 ms 
2021:08:18 18:55:53.123 INFO  --- [main] com.zaxxer.hikari.HikariDataSource : HikariPool-1 - Starting... 
2021:08:18 18:55:53.482 INFO  --- [main] com.zaxxer.hikari.HikariDataSource : HikariPool-1 - Start completed. 
2021:08:18 18:55:53.529 INFO  --- [main] o.h.jpa.internal.util.LogHelper : HHH000204: Processing PersistenceUnitInfo [name: default] 
2021:08:18 18:55:53.577 INFO  --- [main] org.hibernate.Version : HHH000412: Hibernate ORM core version 5.4.30.Final 
2021:08:18 18:55:53.711 INFO  --- [main] o.h.annotations.common.Version : HCANN000001: Hibernate Commons Annotations {5.1.2.Final} 
2021:08:18 18:55:53.828 INFO  --- [main] org.hibernate.dialect.Dialect : HHH000400: Using dialect: org.hibernate.dialect.PostgreSQL10Dialect 
2021:08:18 18:55:54.062 INFO  --- [main] o.h.e.t.j.p.i.JtaPlatformInitiator : HHH000490: Using JtaPlatform implementation: [org.hibernate.engine.transaction.jta.platform.internal.NoJtaPlatform] 
2021:08:18 18:55:54.070 INFO  --- [main] o.s.o.j.LocalContainerEntityManagerFactoryBean : Initialized JPA EntityManagerFactory for persistence unit 'default' 
2021:08:18 18:55:54.270 WARN  --- [main] o.s.b.a.o.j.JpaBaseConfiguration$JpaWebConfiguration : spring.jpa.open-in-view is enabled by default. Therefore, database queries may be performed during view rendering. Explicitly configure spring.jpa.open-in-view to disable this warning 
2021:08:18 18:55:54.361 INFO  --- [main] o.s.s.c.ThreadPoolTaskExecutor : Initializing ExecutorService 'applicationTaskExecutor' 
2021:08:18 18:55:54.597 INFO  --- [main] o.s.b.a.e.web.EndpointLinksResolver : Exposing 4 endpoint(s) beneath base path '/actuator' 
2021:08:18 18:55:54.627 INFO  --- [main] o.a.coyote.http11.Http11NioProtocol : Starting ProtocolHandler ["http-nio-8081"] 
2021:08:18 18:55:54.641 INFO  --- [main] o.s.b.w.e.tomcat.TomcatWebServer : Tomcat started on port(s): 8081 (http) with context path '' 
2021:08:18 18:55:54.655 INFO  --- [main] com.cnc.rating.RatingApplication : Started RatingApplication in 3.829 seconds (JVM running for 4.251) 
2021:08:18 18:56:07.724 INFO  --- [http-nio-8081-exec-1] o.a.c.c.C.[Tomcat].[localhost].[/] : Initializing Spring DispatcherServlet 'dispatcherServlet' 
2021:08:18 18:56:07.724 INFO  --- [http-nio-8081-exec-1] o.s.web.servlet.DispatcherServlet : Initializing Servlet 'dispatcherServlet' 
2021:08:18 18:56:07.725 INFO  --- [http-nio-8081-exec-1] o.s.web.servlet.DispatcherServlet : Completed initialization in 1 ms 
2021:08:18 18:56:15.542 INFO  --- [http-nio-8081-exec-1] c.c.r.service.AzureQueryService : service_mgmt_no : 7002280087, range : 9, duration : 7733, size : 28663  
2021:08:18 18:56:19.353 INFO  --- [http-nio-8081-exec-2] c.c.r.service.AzureQueryService : service_mgmt_no : 7002477827, range : 9, duration : 3778, size : 28832  
2021:08:18 18:56:23.171 INFO  --- [http-nio-8081-exec-3] c.c.r.service.AzureQueryService : service_mgmt_no : 7001585800, range : 9, duration : 3813, size : 28823  
2021:08:18 18:56:30.573 INFO  --- [http-nio-8081-exec-4] c.c.r.service.AzureQueryService : service_mgmt_no : 7001493280, range : 9, duration : 7398, size : 28750  
2021:08:18 18:56:34.653 INFO  --- [http-nio-8081-exec-5] c.c.r.service.AzureQueryService : service_mgmt_no : 7000195615, range : 9, duration : 4075, size : 28906  
2021:08:18 18:56:40.282 INFO  --- [http-nio-8081-exec-6] c.c.r.service.AzureQueryService : service_mgmt_no : 7002702053, range : 9, duration : 5625, size : 29169  
2021:08:18 18:56:43.934 INFO  --- [http-nio-8081-exec-7] c.c.r.service.AzureQueryService : service_mgmt_no : 7002070087, range : 9, duration : 3647, size : 28846  
2021:08:18 18:56:48.129 INFO  --- [http-nio-8081-exec-8] c.c.r.service.AzureQueryService : service_mgmt_no : 7000811273, range : 9, duration : 4191, size : 28964  
2021:08:18 18:56:55.880 INFO  --- [http-nio-8081-exec-9] c.c.r.service.AzureQueryService : service_mgmt_no : 7000088357, range : 9, duration : 7746, size : 28784  
2021:08:18 18:57:03.091 INFO  --- [http-nio-8081-exec-10] c.c.r.service.AzureQueryService : service_mgmt_no : 7000386542, range : 9, duration : 7207, size : 28926  
2021:08:18 18:57:11.630 INFO  --- [http-nio-8081-exec-1] c.c.r.service.AzureQueryService : service_mgmt_no : 7002143257, range : 9, duration : 8535, size : 29076  
2021:08:18 18:57:15.407 INFO  --- [http-nio-8081-exec-2] c.c.r.service.AzureQueryService : service_mgmt_no : 7000335799, range : 9, duration : 3773, size : 28650  
2021:08:18 18:57:20.432 INFO  --- [http-nio-8081-exec-3] c.c.r.service.AzureQueryService : service_mgmt_no : 7002604817, range : 9, duration : 5022, size : 28511  
2021:08:18 18:57:26.713 INFO  --- [http-nio-8081-exec-4] c.c.r.service.AzureQueryService : service_mgmt_no : 7001050270, range : 9, duration : 6277, size : 29055  
2021:08:18 18:57:33.817 INFO  --- [http-nio-8081-exec-5] c.c.r.service.AzureQueryService : service_mgmt_no : 7001915599, range : 9, duration : 7101, size : 28778  
2021:08:18 18:57:41.330 INFO  --- [http-nio-8081-exec-6] c.c.r.service.AzureQueryService : service_mgmt_no : 7001400672, range : 9, duration : 7508, size : 28907  
2021:08:18 18:57:49.052 INFO  --- [http-nio-8081-exec-7] c.c.r.service.AzureQueryService : service_mgmt_no : 7002166033, range : 9, duration : 7717, size : 28828  
2021:08:18 18:57:55.743 INFO  --- [http-nio-8081-exec-8] c.c.r.service.AzureQueryService : service_mgmt_no : 7002608685, range : 9, duration : 6688, size : 28757  
2021:08:18 18:57:59.283 INFO  --- [http-nio-8081-exec-9] c.c.r.service.AzureQueryService : service_mgmt_no : 7002395743, range : 9, duration : 3537, size : 28792  
2021:08:18 18:58:08.999 INFO  --- [http-nio-8081-exec-10] c.c.r.service.AzureQueryService : service_mgmt_no : 7001263981, range : 9, duration : 9713, size : 28755  
2021:08:18 18:58:16.376 INFO  --- [http-nio-8081-exec-1] c.c.r.service.AzureQueryService : service_mgmt_no : 7001789499, range : 9, duration : 7373, size : 28787  
2021:08:18 18:58:19.659 INFO  --- [http-nio-8081-exec-2] c.c.r.service.AzureQueryService : service_mgmt_no : 7001108662, range : 9, duration : 3279, size : 28927  
2021:08:18 18:58:28.389 INFO  --- [http-nio-8081-exec-3] c.c.r.service.AzureQueryService : service_mgmt_no : 7001193630, range : 9, duration : 8726, size : 29068  
2021:08:18 18:58:35.198 INFO  --- [http-nio-8081-exec-4] c.c.r.service.AzureQueryService : service_mgmt_no : 7001899526, range : 9, duration : 6806, size : 29083  
2021:08:18 18:58:42.975 INFO  --- [http-nio-8081-exec-5] c.c.r.service.AzureQueryService : service_mgmt_no : 7002497297, range : 9, duration : 7773, size : 29037  
2021:08:18 18:58:46.443 INFO  --- [http-nio-8081-exec-6] c.c.r.service.AzureQueryService : service_mgmt_no : 7002617760, range : 9, duration : 3464, size : 28840  
2021:08:18 18:58:53.278 INFO  --- [http-nio-8081-exec-7] c.c.r.service.AzureQueryService : service_mgmt_no : 7001609007, range : 9, duration : 6831, size : 28817  
2021:08:18 18:59:01.151 INFO  --- [http-nio-8081-exec-8] c.c.r.service.AzureQueryService : service_mgmt_no : 7000747242, range : 9, duration : 7869, size : 28946  
2021:08:18 18:59:08.028 INFO  --- [http-nio-8081-exec-9] c.c.r.service.AzureQueryService : service_mgmt_no : 7001307144, range : 9, duration : 6872, size : 28775  
2021:08:18 18:59:13.689 INFO  --- [http-nio-8081-exec-10] c.c.r.service.AzureQueryService : service_mgmt_no : 7002170181, range : 9, duration : 5658, size : 29136  
2021:08:18 18:59:51.955 INFO  --- [SpringContextShutdownHook] o.s.s.c.ThreadPoolTaskExecutor : Shutting down ExecutorService 'applicationTaskExecutor' 
2021:08:18 18:59:51.956 INFO  --- [SpringContextShutdownHook] o.s.o.j.LocalContainerEntityManagerFactoryBean : Closing JPA EntityManagerFactory for persistence unit 'default' 
2021:08:18 18:59:51.957 INFO  --- [SpringContextShutdownHook] com.zaxxer.hikari.HikariDataSource : HikariPool-1 - Shutdown initiated... 
2021:08:18 18:59:51.968 INFO  --- [SpringContextShutdownHook] com.zaxxer.hikari.HikariDataSource : HikariPool-1 - Shutdown completed. 
