2021:08:18 19:37:36.036 INFO  --- [main] com.cnc.rating.RatingApplication : Starting RatingApplication using Java 11.0.11 on BSS-URT-BMT-VM-App-1 with PID 463473 (/home/P171580/cnc_bmt/build/libs/rating-0.0.1-SNAPSHOT.jar started by P171580 in /home/P171580/cnc_bmt/build/libs) 
2021:08:18 19:37:36.039 INFO  --- [main] com.cnc.rating.RatingApplication : The following profiles are active: azure 
2021:08:18 19:37:36.780 INFO  --- [main] o.s.d.r.c.RepositoryConfigurationDelegate : Bootstrapping Spring Data JPA repositories in DEFAULT mode. 
2021:08:18 19:37:36.793 INFO  --- [main] o.s.d.r.c.RepositoryConfigurationDelegate : Finished Spring Data repository scanning in 5 ms. Found 0 JPA repository interfaces. 
2021:08:18 19:37:37.325 INFO  --- [main] o.s.b.w.e.tomcat.TomcatWebServer : Tomcat initialized with port(s): 8081 (http) 
2021:08:18 19:37:37.341 INFO  --- [main] o.a.coyote.http11.Http11NioProtocol : Initializing ProtocolHandler ["http-nio-8081"] 
2021:08:18 19:37:37.342 INFO  --- [main] o.a.catalina.core.StandardService : Starting service [Tomcat] 
2021:08:18 19:37:37.342 INFO  --- [main] o.a.catalina.core.StandardEngine : Starting Servlet engine: [Apache Tomcat/9.0.45] 
2021:08:18 19:37:37.406 INFO  --- [main] o.a.c.c.C.[Tomcat].[localhost].[/] : Initializing Spring embedded WebApplicationContext 
2021:08:18 19:37:37.406 INFO  --- [main] o.s.b.w.s.c.ServletWebServerApplicationContext : Root WebApplicationContext: initialization completed in 1327 ms 
2021:08:18 19:37:37.762 INFO  --- [main] com.zaxxer.hikari.HikariDataSource : HikariPool-1 - Starting... 
2021:08:18 19:37:38.071 INFO  --- [main] com.zaxxer.hikari.HikariDataSource : HikariPool-1 - Start completed. 
2021:08:18 19:37:38.119 INFO  --- [main] o.h.jpa.internal.util.LogHelper : HHH000204: Processing PersistenceUnitInfo [name: default] 
2021:08:18 19:37:38.168 INFO  --- [main] org.hibernate.Version : HHH000412: Hibernate ORM core version 5.4.30.Final 
2021:08:18 19:37:38.300 INFO  --- [main] o.h.annotations.common.Version : HCANN000001: Hibernate Commons Annotations {5.1.2.Final} 
2021:08:18 19:37:38.415 INFO  --- [main] org.hibernate.dialect.Dialect : HHH000400: Using dialect: org.hibernate.dialect.PostgreSQL10Dialect 
2021:08:18 19:37:38.707 INFO  --- [main] o.h.e.t.j.p.i.JtaPlatformInitiator : HHH000490: Using JtaPlatform implementation: [org.hibernate.engine.transaction.jta.platform.internal.NoJtaPlatform] 
2021:08:18 19:37:38.716 INFO  --- [main] o.s.o.j.LocalContainerEntityManagerFactoryBean : Initialized JPA EntityManagerFactory for persistence unit 'default' 
2021:08:18 19:37:38.924 WARN  --- [main] o.s.b.a.o.j.JpaBaseConfiguration$JpaWebConfiguration : spring.jpa.open-in-view is enabled by default. Therefore, database queries may be performed during view rendering. Explicitly configure spring.jpa.open-in-view to disable this warning 
2021:08:18 19:37:39.025 INFO  --- [main] o.s.s.c.ThreadPoolTaskExecutor : Initializing ExecutorService 'applicationTaskExecutor' 
2021:08:18 19:37:39.266 INFO  --- [main] o.s.b.a.e.web.EndpointLinksResolver : Exposing 4 endpoint(s) beneath base path '/actuator' 
2021:08:18 19:37:39.296 INFO  --- [main] o.a.coyote.http11.Http11NioProtocol : Starting ProtocolHandler ["http-nio-8081"] 
2021:08:18 19:37:39.310 INFO  --- [main] o.s.b.w.e.tomcat.TomcatWebServer : Tomcat started on port(s): 8081 (http) with context path '' 
2021:08:18 19:37:39.323 INFO  --- [main] com.cnc.rating.RatingApplication : Started RatingApplication in 3.895 seconds (JVM running for 4.312) 
2021:08:18 19:37:43.428 INFO  --- [http-nio-8081-exec-1] o.a.c.c.C.[Tomcat].[localhost].[/] : Initializing Spring DispatcherServlet 'dispatcherServlet' 
2021:08:18 19:37:43.429 INFO  --- [http-nio-8081-exec-1] o.s.web.servlet.DispatcherServlet : Initializing Servlet 'dispatcherServlet' 
2021:08:18 19:37:43.430 INFO  --- [http-nio-8081-exec-1] o.s.web.servlet.DispatcherServlet : Completed initialization in 1 ms 
2021:08:18 19:37:54.518 INFO  --- [http-nio-8081-exec-1] c.c.r.service.AzureQueryService : service_mgmt_no : 7000295011, range : 12, duration : 11003, size : 38295  
2021:08:18 19:37:58.943 INFO  --- [http-nio-8081-exec-3] c.c.r.service.AzureQueryService : service_mgmt_no : 7001565156, range : 12, duration : 4396, size : 38438  
2021:08:18 19:38:00.441 INFO  --- [http-nio-8081-exec-2] c.c.r.service.AzureQueryService : service_mgmt_no : 7001342212, range : 12, duration : 5894, size : 38573  
2021:08:18 19:38:01.241 INFO  --- [http-nio-8081-exec-7] c.c.r.service.AzureQueryService : service_mgmt_no : 7001289300, range : 12, duration : 6693, size : 38662  
2021:08:18 19:38:01.489 INFO  --- [http-nio-8081-exec-10] c.c.r.service.AzureQueryService : service_mgmt_no : 7000321435, range : 12, duration : 6942, size : 38584  
2021:08:18 19:38:02.272 INFO  --- [http-nio-8081-exec-8] c.c.r.service.AzureQueryService : service_mgmt_no : 7001765962, range : 12, duration : 7725, size : 38539  
2021:08:18 19:38:03.609 INFO  --- [http-nio-8081-exec-4] c.c.r.service.AzureQueryService : service_mgmt_no : 7000752499, range : 12, duration : 9062, size : 38314  
2021:08:18 19:38:03.866 INFO  --- [http-nio-8081-exec-9] c.c.r.service.AzureQueryService : service_mgmt_no : 7002406264, range : 12, duration : 9319, size : 38329  
2021:08:18 19:38:04.360 INFO  --- [http-nio-8081-exec-5] c.c.r.service.AzureQueryService : service_mgmt_no : 7001569262, range : 12, duration : 9813, size : 38278  
2021:08:18 19:38:04.522 INFO  --- [http-nio-8081-exec-6] c.c.r.service.AzureQueryService : service_mgmt_no : 7001814149, range : 12, duration : 9974, size : 38783  
2021:08:18 19:38:05.827 INFO  --- [http-nio-8081-exec-11] c.c.r.service.AzureQueryService : service_mgmt_no : 7000278775, range : 12, duration : 11268, size : 38442  
2021:08:18 19:38:06.309 INFO  --- [http-nio-8081-exec-7] c.c.r.service.AzureQueryService : service_mgmt_no : 7002507977, range : 12, duration : 4816, size : 38797  
2021:08:18 19:38:06.687 INFO  --- [http-nio-8081-exec-10] c.c.r.service.AzureQueryService : service_mgmt_no : 7000771723, range : 12, duration : 4411, size : 38848  
2021:08:18 19:38:07.777 INFO  --- [http-nio-8081-exec-2] c.c.r.service.AzureQueryService : service_mgmt_no : 7000145264, range : 12, duration : 6532, size : 38656  
2021:08:18 19:38:08.348 INFO  --- [http-nio-8081-exec-1] c.c.r.service.AzureQueryService : service_mgmt_no : 7000006210, range : 12, duration : 9400, size : 38721  
2021:08:18 19:38:09.514 INFO  --- [http-nio-8081-exec-3] c.c.r.service.AzureQueryService : service_mgmt_no : 7002542272, range : 12, duration : 9068, size : 38619  
2021:08:18 19:38:10.459 INFO  --- [http-nio-8081-exec-5] c.c.r.service.AzureQueryService : service_mgmt_no : 7002269058, range : 12, duration : 5933, size : 38253  
2021:08:18 19:38:11.459 INFO  --- [http-nio-8081-exec-9] c.c.r.service.AzureQueryService : service_mgmt_no : 7002146256, range : 12, duration : 7095, size : 38461  
2021:08:18 19:38:11.603 INFO  --- [http-nio-8081-exec-11] c.c.r.service.AzureQueryService : service_mgmt_no : 7002696969, range : 12, duration : 5290, size : 38825  
2021:08:18 19:38:12.317 INFO  --- [http-nio-8081-exec-6] c.c.r.service.AzureQueryService : service_mgmt_no : 7000222119, range : 12, duration : 6486, size : 38577  
2021:08:18 19:38:12.985 INFO  --- [http-nio-8081-exec-8] c.c.r.service.AzureQueryService : service_mgmt_no : 7000035101, range : 12, duration : 9371, size : 38589  
2021:08:18 19:38:13.233 INFO  --- [http-nio-8081-exec-4] c.c.r.service.AzureQueryService : service_mgmt_no : 7000218148, range : 12, duration : 9364, size : 38178  
2021:08:18 19:38:15.911 INFO  --- [http-nio-8081-exec-7] c.c.r.service.AzureQueryService : service_mgmt_no : 7000980589, range : 12, duration : 9220, size : 38883  
2021:08:18 19:38:17.502 INFO  --- [http-nio-8081-exec-10] c.c.r.service.AzureQueryService : service_mgmt_no : 7001835074, range : 12, duration : 9721, size : 38668  
2021:08:18 19:38:17.767 INFO  --- [http-nio-8081-exec-2] c.c.r.service.AzureQueryService : service_mgmt_no : 7001243291, range : 12, duration : 9416, size : 38608  
2021:08:18 19:38:19.125 INFO  --- [http-nio-8081-exec-9] c.c.r.service.AzureQueryService : service_mgmt_no : 7000985176, range : 12, duration : 7519, size : 38559  
2021:08:18 19:38:19.201 INFO  --- [http-nio-8081-exec-1] c.c.r.service.AzureQueryService : service_mgmt_no : 7001672897, range : 12, duration : 9683, size : 38538  
2021:08:18 19:38:19.405 INFO  --- [http-nio-8081-exec-3] c.c.r.service.AzureQueryService : service_mgmt_no : 7002684944, range : 12, duration : 8942, size : 38858  
2021:08:18 19:38:19.967 INFO  --- [http-nio-8081-exec-5] c.c.r.service.AzureQueryService : service_mgmt_no : 7002491509, range : 12, duration : 8505, size : 38630  
2021:08:18 19:38:21.524 INFO  --- [http-nio-8081-exec-11] c.c.r.service.AzureQueryService : service_mgmt_no : 7000612581, range : 12, duration : 9204, size : 38537  
2021:08:18 19:39:05.565 INFO  --- [SpringContextShutdownHook] o.s.s.c.ThreadPoolTaskExecutor : Shutting down ExecutorService 'applicationTaskExecutor' 
2021:08:18 19:39:05.566 INFO  --- [SpringContextShutdownHook] o.s.o.j.LocalContainerEntityManagerFactoryBean : Closing JPA EntityManagerFactory for persistence unit 'default' 
2021:08:18 19:39:05.567 INFO  --- [SpringContextShutdownHook] com.zaxxer.hikari.HikariDataSource : HikariPool-1 - Shutdown initiated... 
2021:08:18 19:39:05.574 INFO  --- [SpringContextShutdownHook] com.zaxxer.hikari.HikariDataSource : HikariPool-1 - Shutdown completed. 
