2021:06:03 16:56:05.311 INFO  --- [main] com.cnc.rating.RatingApplication : Starting RatingApplication using Java 11.0.11 on bss-bmt-urt-vm-dev-1 with PID 103446 (/home/P171580/cnc_bmt/build/libs/rating-0.0.1-SNAPSHOT.jar started by P171580 in /home/P171580/cnc_bmt/build/libs) 
2021:06:03 16:56:05.313 INFO  --- [main] com.cnc.rating.RatingApplication : The following profiles are active: azure 
2021:06:03 16:56:06.641 INFO  --- [main] o.s.d.r.c.RepositoryConfigurationDelegate : Bootstrapping Spring Data JPA repositories in DEFAULT mode. 
2021:06:03 16:56:06.657 INFO  --- [main] o.s.d.r.c.RepositoryConfigurationDelegate : Finished Spring Data repository scanning in 7 ms. Found 0 JPA repository interfaces. 
2021:06:03 16:56:06.775 WARN  --- [main] o.m.s.mapper.ClassPathMapperScanner : No MyBatis mapper was found in '[com.cnc.rating]' package. Please check your configuration. 
2021:06:03 16:56:07.402 INFO  --- [main] o.s.b.w.e.tomcat.TomcatWebServer : Tomcat initialized with port(s): 8081 (http) 
2021:06:03 16:56:07.417 INFO  --- [main] o.a.coyote.http11.Http11NioProtocol : Initializing ProtocolHandler ["http-nio-8081"] 
2021:06:03 16:56:07.418 INFO  --- [main] o.a.catalina.core.StandardService : Starting service [Tomcat] 
2021:06:03 16:56:07.418 INFO  --- [main] o.a.catalina.core.StandardEngine : Starting Servlet engine: [Apache Tomcat/9.0.45] 
2021:06:03 16:56:07.485 INFO  --- [main] o.a.c.c.C.[Tomcat].[localhost].[/] : Initializing Spring embedded WebApplicationContext 
2021:06:03 16:56:07.486 INFO  --- [main] o.s.b.w.s.c.ServletWebServerApplicationContext : Root WebApplicationContext: initialization completed in 2108 ms 
2021:06:03 16:56:07.851 INFO  --- [main] com.zaxxer.hikari.HikariDataSource : HikariPool-1 - Starting... 
2021:06:03 16:56:08.384 INFO  --- [main] com.zaxxer.hikari.HikariDataSource : HikariPool-1 - Start completed. 
2021:06:03 16:56:08.461 INFO  --- [main] o.h.jpa.internal.util.LogHelper : HHH000204: Processing PersistenceUnitInfo [name: default] 
2021:06:03 16:56:08.521 INFO  --- [main] org.hibernate.Version : HHH000412: Hibernate ORM core version 5.4.30.Final 
2021:06:03 16:56:08.757 INFO  --- [main] o.h.annotations.common.Version : HCANN000001: Hibernate Commons Annotations {5.1.2.Final} 
2021:06:03 16:56:08.894 INFO  --- [main] org.hibernate.dialect.Dialect : HHH000400: Using dialect: org.hibernate.dialect.PostgreSQL10Dialect 
2021:06:03 16:56:09.840 INFO  --- [main] o.h.e.t.j.p.i.JtaPlatformInitiator : HHH000490: Using JtaPlatform implementation: [org.hibernate.engine.transaction.jta.platform.internal.NoJtaPlatform] 
2021:06:03 16:56:09.850 INFO  --- [main] o.s.o.j.LocalContainerEntityManagerFactoryBean : Initialized JPA EntityManagerFactory for persistence unit 'default' 
2021:06:03 16:56:10.076 WARN  --- [main] o.s.b.a.o.j.JpaBaseConfiguration$JpaWebConfiguration : spring.jpa.open-in-view is enabled by default. Therefore, database queries may be performed during view rendering. Explicitly configure spring.jpa.open-in-view to disable this warning 
2021:06:03 16:56:10.205 INFO  --- [main] o.s.s.c.ThreadPoolTaskExecutor : Initializing ExecutorService 'applicationTaskExecutor' 
2021:06:03 16:56:10.585 INFO  --- [main] o.s.b.a.e.web.EndpointLinksResolver : Exposing 4 endpoint(s) beneath base path '/actuator' 
2021:06:03 16:56:10.720 INFO  --- [main] o.a.coyote.http11.Http11NioProtocol : Starting ProtocolHandler ["http-nio-8081"] 
2021:06:03 16:56:10.739 INFO  --- [main] o.s.b.w.e.tomcat.TomcatWebServer : Tomcat started on port(s): 8081 (http) with context path '' 
2021:06:03 16:56:10.768 INFO  --- [main] com.cnc.rating.RatingApplication : Started RatingApplication in 6.467 seconds (JVM running for 7.154) 
2021:06:03 16:57:02.192 INFO  --- [http-nio-8081-exec-1] o.a.c.c.C.[Tomcat].[localhost].[/] : Initializing Spring DispatcherServlet 'dispatcherServlet' 
2021:06:03 16:57:02.192 INFO  --- [http-nio-8081-exec-1] o.s.web.servlet.DispatcherServlet : Initializing Servlet 'dispatcherServlet' 
2021:06:03 16:57:02.194 INFO  --- [http-nio-8081-exec-1] o.s.web.servlet.DispatcherServlet : Completed initialization in 2 ms 
2021:06:03 16:57:43.423 INFO  --- [http-nio-8081-exec-1] c.c.r.service.AzureQueryService : service_mgmt_no : 7000000450, range : 6, duration : 41100, size : 19124  
2021:06:03 16:58:23.552 INFO  --- [http-nio-8081-exec-2] c.c.r.service.AzureQueryService : service_mgmt_no : 7000000451, range : 6, duration : 40076, size : 18970  
2021:06:03 16:59:10.147 INFO  --- [http-nio-8081-exec-9] c.c.r.service.AzureQueryService : service_mgmt_no : 7000000452, range : 6, duration : 46590, size : 19292  
2021:06:03 16:59:57.870 INFO  --- [http-nio-8081-exec-8] c.c.r.service.AzureQueryService : service_mgmt_no : 7000000453, range : 6, duration : 47719, size : 19358  
2021:06:03 17:00:45.235 INFO  --- [http-nio-8081-exec-7] c.c.r.service.AzureQueryService : service_mgmt_no : 7000000454, range : 6, duration : 47358, size : 19538  
2021:06:03 17:01:33.907 INFO  --- [http-nio-8081-exec-6] c.c.r.service.AzureQueryService : service_mgmt_no : 7000000455, range : 6, duration : 48668, size : 19018  
2021:06:03 17:02:20.092 INFO  --- [http-nio-8081-exec-5] c.c.r.service.AzureQueryService : service_mgmt_no : 7000000456, range : 6, duration : 46180, size : 19402  
2021:06:03 17:03:08.016 INFO  --- [http-nio-8081-exec-4] c.c.r.service.AzureQueryService : service_mgmt_no : 7000000457, range : 6, duration : 47920, size : 18882  
2021:06:03 17:03:45.888 INFO  --- [http-nio-8081-exec-3] c.c.r.service.AzureQueryService : service_mgmt_no : 7000000458, range : 6, duration : 37867, size : 19112  
2021:06:03 17:04:32.569 INFO  --- [http-nio-8081-exec-10] c.c.r.service.AzureQueryService : service_mgmt_no : 7000000459, range : 6, duration : 46676, size : 18652  
2021:06:03 17:05:18.717 INFO  --- [http-nio-8081-exec-1] c.c.r.service.AzureQueryService : service_mgmt_no : 7000000460, range : 6, duration : 46144, size : 18918  
2021:06:03 17:06:05.121 INFO  --- [http-nio-8081-exec-2] c.c.r.service.AzureQueryService : service_mgmt_no : 7000000461, range : 6, duration : 46400, size : 19306  
2021:06:03 17:06:47.644 INFO  --- [http-nio-8081-exec-9] c.c.r.service.AzureQueryService : service_mgmt_no : 7000000462, range : 6, duration : 42520, size : 18616  
2021:06:03 17:07:36.689 INFO  --- [http-nio-8081-exec-8] c.c.r.service.AzureQueryService : service_mgmt_no : 7000000463, range : 6, duration : 49042, size : 19356  
2021:06:03 17:08:17.806 INFO  --- [http-nio-8081-exec-7] c.c.r.service.AzureQueryService : service_mgmt_no : 7000000464, range : 6, duration : 41113, size : 19046  
2021:06:03 17:08:57.239 INFO  --- [http-nio-8081-exec-6] c.c.r.service.AzureQueryService : service_mgmt_no : 7000000465, range : 6, duration : 39428, size : 18678  
2021:06:03 17:09:41.226 INFO  --- [http-nio-8081-exec-5] c.c.r.service.AzureQueryService : service_mgmt_no : 7000000466, range : 6, duration : 43983, size : 19632  
2021:06:03 17:10:27.728 INFO  --- [http-nio-8081-exec-4] c.c.r.service.AzureQueryService : service_mgmt_no : 7000000467, range : 6, duration : 46498, size : 18608  
2021:06:03 17:11:07.664 INFO  --- [http-nio-8081-exec-3] c.c.r.service.AzureQueryService : service_mgmt_no : 7000000468, range : 6, duration : 39933, size : 19044  
2021:06:03 17:11:52.159 INFO  --- [http-nio-8081-exec-10] c.c.r.service.AzureQueryService : service_mgmt_no : 7000000469, range : 6, duration : 44492, size : 19022  
2021:06:03 17:12:35.762 INFO  --- [http-nio-8081-exec-1] c.c.r.service.AzureQueryService : service_mgmt_no : 7000000470, range : 6, duration : 43595, size : 19012  
2021:06:03 17:13:22.182 INFO  --- [http-nio-8081-exec-2] c.c.r.service.AzureQueryService : service_mgmt_no : 7000000471, range : 6, duration : 46416, size : 19690  
2021:06:03 17:14:08.973 INFO  --- [http-nio-8081-exec-9] c.c.r.service.AzureQueryService : service_mgmt_no : 7000000472, range : 6, duration : 46787, size : 18956  
2021:06:03 17:14:43.316 INFO  --- [http-nio-8081-exec-8] c.c.r.service.AzureQueryService : service_mgmt_no : 7000000473, range : 6, duration : 34339, size : 19068  
2021:06:03 17:15:27.539 INFO  --- [http-nio-8081-exec-7] c.c.r.service.AzureQueryService : service_mgmt_no : 7000000474, range : 6, duration : 44219, size : 19758  
2021:06:03 17:16:13.624 INFO  --- [http-nio-8081-exec-6] c.c.r.service.AzureQueryService : service_mgmt_no : 7000000475, range : 6, duration : 46080, size : 19032  
2021:06:03 17:17:00.832 INFO  --- [http-nio-8081-exec-5] c.c.r.service.AzureQueryService : service_mgmt_no : 7000000476, range : 6, duration : 47205, size : 19172  
2021:06:03 17:17:46.873 INFO  --- [http-nio-8081-exec-4] c.c.r.service.AzureQueryService : service_mgmt_no : 7000000477, range : 6, duration : 46037, size : 19570  
2021:06:03 17:18:47.017 INFO  --- [http-nio-8081-exec-3] c.c.r.service.AzureQueryService : service_mgmt_no : 7000000478, range : 6, duration : 60140, size : 18608  
2021:06:03 17:19:34.913 INFO  --- [http-nio-8081-exec-10] c.c.r.service.AzureQueryService : service_mgmt_no : 7000000479, range : 6, duration : 47891, size : 19184  
2021:06:03 17:20:22.928 INFO  --- [http-nio-8081-exec-1] c.c.r.service.AzureQueryService : service_mgmt_no : 7000000480, range : 6, duration : 48012, size : 19094  
2021:06:03 17:21:04.874 INFO  --- [http-nio-8081-exec-2] c.c.r.service.AzureQueryService : service_mgmt_no : 7000000481, range : 6, duration : 41940, size : 19010  
2021:06:03 17:21:45.283 INFO  --- [http-nio-8081-exec-9] c.c.r.service.AzureQueryService : service_mgmt_no : 7000000482, range : 6, duration : 40405, size : 18398  
2021:06:03 17:22:29.751 INFO  --- [http-nio-8081-exec-8] c.c.r.service.AzureQueryService : service_mgmt_no : 7000000483, range : 6, duration : 44465, size : 18814  
2021:06:03 17:23:17.090 INFO  --- [http-nio-8081-exec-7] c.c.r.service.AzureQueryService : service_mgmt_no : 7000000484, range : 6, duration : 47335, size : 19372  
2021:06:03 17:24:02.446 INFO  --- [http-nio-8081-exec-6] c.c.r.service.AzureQueryService : service_mgmt_no : 7000000485, range : 6, duration : 45353, size : 19652  
2021:06:03 17:24:51.408 INFO  --- [http-nio-8081-exec-5] c.c.r.service.AzureQueryService : service_mgmt_no : 7000000486, range : 6, duration : 48959, size : 19188  
2021:06:03 17:25:36.626 INFO  --- [http-nio-8081-exec-4] c.c.r.service.AzureQueryService : service_mgmt_no : 7000000487, range : 6, duration : 45214, size : 19290  
2021:06:03 17:26:20.775 INFO  --- [http-nio-8081-exec-3] c.c.r.service.AzureQueryService : service_mgmt_no : 7000000488, range : 6, duration : 44146, size : 19034  
2021:06:03 17:27:16.030 INFO  --- [http-nio-8081-exec-10] c.c.r.service.AzureQueryService : service_mgmt_no : 7000000489, range : 6, duration : 55252, size : 18746  
2021:06:03 17:27:59.383 INFO  --- [http-nio-8081-exec-1] c.c.r.service.AzureQueryService : service_mgmt_no : 7000000490, range : 6, duration : 43349, size : 19056  
2021:06:03 17:28:43.711 INFO  --- [http-nio-8081-exec-2] c.c.r.service.AzureQueryService : service_mgmt_no : 7000000491, range : 6, duration : 44325, size : 19412  
2021:06:03 17:29:32.091 INFO  --- [http-nio-8081-exec-9] c.c.r.service.AzureQueryService : service_mgmt_no : 7000000492, range : 6, duration : 48376, size : 19068  
2021:06:03 17:30:15.208 INFO  --- [http-nio-8081-exec-8] c.c.r.service.AzureQueryService : service_mgmt_no : 7000000493, range : 6, duration : 43114, size : 18834  
2021:06:03 17:31:04.312 INFO  --- [http-nio-8081-exec-7] c.c.r.service.AzureQueryService : service_mgmt_no : 7000000494, range : 6, duration : 49102, size : 19046  
2021:06:03 17:31:51.088 INFO  --- [http-nio-8081-exec-6] c.c.r.service.AzureQueryService : service_mgmt_no : 7000000495, range : 6, duration : 46772, size : 19174  
2021:06:03 17:32:33.836 INFO  --- [http-nio-8081-exec-5] c.c.r.service.AzureQueryService : service_mgmt_no : 7000000496, range : 6, duration : 42745, size : 19086  
2021:06:03 17:33:15.671 INFO  --- [http-nio-8081-exec-4] c.c.r.service.AzureQueryService : service_mgmt_no : 7000000497, range : 6, duration : 41832, size : 19432  
2021:06:03 17:33:56.686 INFO  --- [http-nio-8081-exec-3] c.c.r.service.AzureQueryService : service_mgmt_no : 7000000498, range : 6, duration : 41012, size : 19064  
2021:06:03 17:34:42.387 INFO  --- [http-nio-8081-exec-10] c.c.r.service.AzureQueryService : service_mgmt_no : 7000000499, range : 6, duration : 45698, size : 19002  
2021:06:03 17:35:02.360 INFO  --- [SpringContextShutdownHook] o.s.s.c.ThreadPoolTaskExecutor : Shutting down ExecutorService 'applicationTaskExecutor' 
2021:06:03 17:35:02.360 INFO  --- [SpringContextShutdownHook] o.s.o.j.LocalContainerEntityManagerFactoryBean : Closing JPA EntityManagerFactory for persistence unit 'default' 
2021:06:03 17:35:02.364 INFO  --- [SpringContextShutdownHook] com.zaxxer.hikari.HikariDataSource : HikariPool-1 - Shutdown initiated... 
2021:06:03 17:35:02.370 INFO  --- [SpringContextShutdownHook] com.zaxxer.hikari.HikariDataSource : HikariPool-1 - Shutdown completed. 
