2021:08:18 19:39:13.632 INFO  --- [main] com.cnc.rating.RatingApplication : Starting RatingApplication using Java 11.0.11 on BSS-URT-BMT-VM-App-1 with PID 463587 (/home/P171580/cnc_bmt/build/libs/rating-0.0.1-SNAPSHOT.jar started by P171580 in /home/P171580/cnc_bmt/build/libs) 
2021:08:18 19:39:13.634 INFO  --- [main] com.cnc.rating.RatingApplication : The following profiles are active: azure 
2021:08:18 19:39:14.377 INFO  --- [main] o.s.d.r.c.RepositoryConfigurationDelegate : Bootstrapping Spring Data JPA repositories in DEFAULT mode. 
2021:08:18 19:39:14.390 INFO  --- [main] o.s.d.r.c.RepositoryConfigurationDelegate : Finished Spring Data repository scanning in 5 ms. Found 0 JPA repository interfaces. 
2021:08:18 19:39:14.895 INFO  --- [main] o.s.b.w.e.tomcat.TomcatWebServer : Tomcat initialized with port(s): 8081 (http) 
2021:08:18 19:39:14.906 INFO  --- [main] o.a.coyote.http11.Http11NioProtocol : Initializing ProtocolHandler ["http-nio-8081"] 
2021:08:18 19:39:14.906 INFO  --- [main] o.a.catalina.core.StandardService : Starting service [Tomcat] 
2021:08:18 19:39:14.907 INFO  --- [main] o.a.catalina.core.StandardEngine : Starting Servlet engine: [Apache Tomcat/9.0.45] 
2021:08:18 19:39:14.948 INFO  --- [main] o.a.c.c.C.[Tomcat].[localhost].[/] : Initializing Spring embedded WebApplicationContext 
2021:08:18 19:39:14.948 INFO  --- [main] o.s.b.w.s.c.ServletWebServerApplicationContext : Root WebApplicationContext: initialization completed in 1272 ms 
2021:08:18 19:39:15.212 INFO  --- [main] com.zaxxer.hikari.HikariDataSource : HikariPool-1 - Starting... 
2021:08:18 19:39:15.525 INFO  --- [main] com.zaxxer.hikari.HikariDataSource : HikariPool-1 - Start completed. 
2021:08:18 19:39:15.572 INFO  --- [main] o.h.jpa.internal.util.LogHelper : HHH000204: Processing PersistenceUnitInfo [name: default] 
2021:08:18 19:39:15.620 INFO  --- [main] org.hibernate.Version : HHH000412: Hibernate ORM core version 5.4.30.Final 
2021:08:18 19:39:15.751 INFO  --- [main] o.h.annotations.common.Version : HCANN000001: Hibernate Commons Annotations {5.1.2.Final} 
2021:08:18 19:39:15.863 INFO  --- [main] org.hibernate.dialect.Dialect : HHH000400: Using dialect: org.hibernate.dialect.PostgreSQL10Dialect 
2021:08:18 19:39:16.087 INFO  --- [main] o.h.e.t.j.p.i.JtaPlatformInitiator : HHH000490: Using JtaPlatform implementation: [org.hibernate.engine.transaction.jta.platform.internal.NoJtaPlatform] 
2021:08:18 19:39:16.096 INFO  --- [main] o.s.o.j.LocalContainerEntityManagerFactoryBean : Initialized JPA EntityManagerFactory for persistence unit 'default' 
2021:08:18 19:39:16.289 WARN  --- [main] o.s.b.a.o.j.JpaBaseConfiguration$JpaWebConfiguration : spring.jpa.open-in-view is enabled by default. Therefore, database queries may be performed during view rendering. Explicitly configure spring.jpa.open-in-view to disable this warning 
2021:08:18 19:39:16.379 INFO  --- [main] o.s.s.c.ThreadPoolTaskExecutor : Initializing ExecutorService 'applicationTaskExecutor' 
2021:08:18 19:39:16.608 INFO  --- [main] o.s.b.a.e.web.EndpointLinksResolver : Exposing 4 endpoint(s) beneath base path '/actuator' 
2021:08:18 19:39:16.637 INFO  --- [main] o.a.coyote.http11.Http11NioProtocol : Starting ProtocolHandler ["http-nio-8081"] 
2021:08:18 19:39:16.651 INFO  --- [main] o.s.b.w.e.tomcat.TomcatWebServer : Tomcat started on port(s): 8081 (http) with context path '' 
2021:08:18 19:39:16.665 INFO  --- [main] com.cnc.rating.RatingApplication : Started RatingApplication in 3.646 seconds (JVM running for 4.076) 
2021:08:18 19:39:21.462 INFO  --- [http-nio-8081-exec-1] o.a.c.c.C.[Tomcat].[localhost].[/] : Initializing Spring DispatcherServlet 'dispatcherServlet' 
2021:08:18 19:39:21.463 INFO  --- [http-nio-8081-exec-1] o.s.web.servlet.DispatcherServlet : Initializing Servlet 'dispatcherServlet' 
2021:08:18 19:39:21.464 INFO  --- [http-nio-8081-exec-1] o.s.web.servlet.DispatcherServlet : Completed initialization in 1 ms 
2021:08:18 19:39:29.484 INFO  --- [http-nio-8081-exec-1] c.c.r.service.AzureQueryService : service_mgmt_no : 7000892839, range : 13, duration : 7936, size : 38353  
2021:08:18 19:39:34.477 INFO  --- [http-nio-8081-exec-4] c.c.r.service.AzureQueryService : service_mgmt_no : 7002390227, range : 13, duration : 4964, size : 38761  
2021:08:18 19:39:34.796 INFO  --- [http-nio-8081-exec-3] c.c.r.service.AzureQueryService : service_mgmt_no : 7001280937, range : 13, duration : 5283, size : 38711  
2021:08:18 19:39:34.813 INFO  --- [http-nio-8081-exec-2] c.c.r.service.AzureQueryService : service_mgmt_no : 7002658884, range : 13, duration : 5299, size : 38882  
2021:08:18 19:39:36.239 INFO  --- [http-nio-8081-exec-5] c.c.r.service.AzureQueryService : service_mgmt_no : 7002766606, range : 13, duration : 6716, size : 38658  
2021:08:18 19:39:36.712 INFO  --- [http-nio-8081-exec-10] c.c.r.service.AzureQueryService : service_mgmt_no : 7001253452, range : 13, duration : 7198, size : 38534  
2021:08:18 19:39:38.150 INFO  --- [http-nio-8081-exec-6] c.c.r.service.AzureQueryService : service_mgmt_no : 7000526185, range : 13, duration : 8637, size : 38568  
2021:08:18 19:39:38.547 INFO  --- [http-nio-8081-exec-9] c.c.r.service.AzureQueryService : service_mgmt_no : 7001502580, range : 13, duration : 9033, size : 38290  
2021:08:18 19:39:38.779 INFO  --- [http-nio-8081-exec-8] c.c.r.service.AzureQueryService : service_mgmt_no : 7002629925, range : 13, duration : 9266, size : 38691  
2021:08:18 19:39:38.969 INFO  --- [http-nio-8081-exec-1] c.c.r.service.AzureQueryService : service_mgmt_no : 7001854342, range : 13, duration : 9451, size : 38704  
2021:08:18 19:39:39.054 INFO  --- [http-nio-8081-exec-7] c.c.r.service.AzureQueryService : service_mgmt_no : 7001651832, range : 13, duration : 9540, size : 38473  
2021:08:18 19:39:44.386 INFO  --- [http-nio-8081-exec-3] c.c.r.service.AzureQueryService : service_mgmt_no : 7000843630, range : 13, duration : 9585, size : 38514  
2021:08:18 19:39:44.566 INFO  --- [http-nio-8081-exec-2] c.c.r.service.AzureQueryService : service_mgmt_no : 7000949919, range : 13, duration : 9750, size : 38552  
2021:08:18 19:39:45.429 INFO  --- [http-nio-8081-exec-4] c.c.r.service.AzureQueryService : service_mgmt_no : 7001524989, range : 13, duration : 10948, size : 38636  
2021:08:18 19:39:45.484 INFO  --- [http-nio-8081-exec-5] c.c.r.service.AzureQueryService : service_mgmt_no : 7000921764, range : 13, duration : 9241, size : 38515  
2021:08:18 19:39:46.348 INFO  --- [http-nio-8081-exec-1] c.c.r.service.AzureQueryService : service_mgmt_no : 7000358432, range : 13, duration : 7375, size : 38600  
2021:08:18 19:39:46.565 INFO  --- [http-nio-8081-exec-10] c.c.r.service.AzureQueryService : service_mgmt_no : 7000771130, range : 13, duration : 9849, size : 38770  
2021:08:18 19:39:47.166 INFO  --- [http-nio-8081-exec-6] c.c.r.service.AzureQueryService : service_mgmt_no : 7002021825, range : 13, duration : 9013, size : 38697  
2021:08:18 19:39:47.676 INFO  --- [http-nio-8081-exec-9] c.c.r.service.AzureQueryService : service_mgmt_no : 7002757583, range : 13, duration : 9125, size : 38836  
2021:08:18 19:39:48.036 INFO  --- [http-nio-8081-exec-8] c.c.r.service.AzureQueryService : service_mgmt_no : 7002618077, range : 13, duration : 9254, size : 38534  
2021:08:18 19:39:48.960 INFO  --- [http-nio-8081-exec-7] c.c.r.service.AzureQueryService : service_mgmt_no : 7001728312, range : 13, duration : 9903, size : 38556  
2021:08:18 19:39:49.331 INFO  --- [http-nio-8081-exec-2] c.c.r.service.AzureQueryService : service_mgmt_no : 7001019549, range : 13, duration : 4762, size : 38468  
2021:08:18 19:39:51.817 INFO  --- [http-nio-8081-exec-9] c.c.r.service.AzureQueryService : service_mgmt_no : 7001998705, range : 13, duration : 4138, size : 38582  
2021:08:18 19:39:52.785 INFO  --- [http-nio-8081-exec-1] c.c.r.service.AzureQueryService : service_mgmt_no : 7002557558, range : 13, duration : 6434, size : 38316  
2021:08:18 19:39:53.432 INFO  --- [http-nio-8081-exec-3] c.c.r.service.AzureQueryService : service_mgmt_no : 7001989679, range : 13, duration : 9042, size : 38285  
2021:08:18 19:39:53.589 INFO  --- [http-nio-8081-exec-4] c.c.r.service.AzureQueryService : service_mgmt_no : 7002166042, range : 13, duration : 8157, size : 38680  
2021:08:18 19:39:53.992 INFO  --- [http-nio-8081-exec-6] c.c.r.service.AzureQueryService : service_mgmt_no : 7000045587, range : 13, duration : 6823, size : 38513  
2021:08:18 19:39:55.246 INFO  --- [http-nio-8081-exec-5] c.c.r.service.AzureQueryService : service_mgmt_no : 7002267525, range : 13, duration : 9759, size : 38788  
2021:08:18 19:39:55.547 INFO  --- [http-nio-8081-exec-10] c.c.r.service.AzureQueryService : service_mgmt_no : 7002425977, range : 13, duration : 8979, size : 38690  
2021:08:18 19:39:56.536 INFO  --- [http-nio-8081-exec-8] c.c.r.service.AzureQueryService : service_mgmt_no : 7001310945, range : 13, duration : 8497, size : 38754  
2021:08:18 19:40:07.815 INFO  --- [SpringContextShutdownHook] o.s.s.c.ThreadPoolTaskExecutor : Shutting down ExecutorService 'applicationTaskExecutor' 
2021:08:18 19:40:07.816 INFO  --- [SpringContextShutdownHook] o.s.o.j.LocalContainerEntityManagerFactoryBean : Closing JPA EntityManagerFactory for persistence unit 'default' 
2021:08:18 19:40:07.817 INFO  --- [SpringContextShutdownHook] com.zaxxer.hikari.HikariDataSource : HikariPool-1 - Shutdown initiated... 
2021:08:18 19:40:07.824 INFO  --- [SpringContextShutdownHook] com.zaxxer.hikari.HikariDataSource : HikariPool-1 - Shutdown completed. 
