2021:08:18 19:25:23.793 INFO  --- [main] com.cnc.rating.RatingApplication : Starting RatingApplication using Java 11.0.11 on BSS-URT-BMT-VM-App-1 with PID 462618 (/home/P171580/cnc_bmt/build/libs/rating-0.0.1-SNAPSHOT.jar started by P171580 in /home/P171580/cnc_bmt/build/libs) 
2021:08:18 19:25:23.796 INFO  --- [main] com.cnc.rating.RatingApplication : The following profiles are active: azure 
2021:08:18 19:25:24.570 INFO  --- [main] o.s.d.r.c.RepositoryConfigurationDelegate : Bootstrapping Spring Data JPA repositories in DEFAULT mode. 
2021:08:18 19:25:24.583 INFO  --- [main] o.s.d.r.c.RepositoryConfigurationDelegate : Finished Spring Data repository scanning in 5 ms. Found 0 JPA repository interfaces. 
2021:08:18 19:25:25.074 INFO  --- [main] o.s.b.w.e.tomcat.TomcatWebServer : Tomcat initialized with port(s): 8081 (http) 
2021:08:18 19:25:25.086 INFO  --- [main] o.a.coyote.http11.Http11NioProtocol : Initializing ProtocolHandler ["http-nio-8081"] 
2021:08:18 19:25:25.087 INFO  --- [main] o.a.catalina.core.StandardService : Starting service [Tomcat] 
2021:08:18 19:25:25.087 INFO  --- [main] o.a.catalina.core.StandardEngine : Starting Servlet engine: [Apache Tomcat/9.0.45] 
2021:08:18 19:25:25.132 INFO  --- [main] o.a.c.c.C.[Tomcat].[localhost].[/] : Initializing Spring embedded WebApplicationContext 
2021:08:18 19:25:25.132 INFO  --- [main] o.s.b.w.s.c.ServletWebServerApplicationContext : Root WebApplicationContext: initialization completed in 1295 ms 
2021:08:18 19:25:25.393 INFO  --- [main] com.zaxxer.hikari.HikariDataSource : HikariPool-1 - Starting... 
2021:08:18 19:25:25.701 INFO  --- [main] com.zaxxer.hikari.HikariDataSource : HikariPool-1 - Start completed. 
2021:08:18 19:25:25.749 INFO  --- [main] o.h.jpa.internal.util.LogHelper : HHH000204: Processing PersistenceUnitInfo [name: default] 
2021:08:18 19:25:25.797 INFO  --- [main] org.hibernate.Version : HHH000412: Hibernate ORM core version 5.4.30.Final 
2021:08:18 19:25:25.927 INFO  --- [main] o.h.annotations.common.Version : HCANN000001: Hibernate Commons Annotations {5.1.2.Final} 
2021:08:18 19:25:26.041 INFO  --- [main] org.hibernate.dialect.Dialect : HHH000400: Using dialect: org.hibernate.dialect.PostgreSQL10Dialect 
2021:08:18 19:25:26.261 INFO  --- [main] o.h.e.t.j.p.i.JtaPlatformInitiator : HHH000490: Using JtaPlatform implementation: [org.hibernate.engine.transaction.jta.platform.internal.NoJtaPlatform] 
2021:08:18 19:25:26.270 INFO  --- [main] o.s.o.j.LocalContainerEntityManagerFactoryBean : Initialized JPA EntityManagerFactory for persistence unit 'default' 
2021:08:18 19:25:26.493 WARN  --- [main] o.s.b.a.o.j.JpaBaseConfiguration$JpaWebConfiguration : spring.jpa.open-in-view is enabled by default. Therefore, database queries may be performed during view rendering. Explicitly configure spring.jpa.open-in-view to disable this warning 
2021:08:18 19:25:26.583 INFO  --- [main] o.s.s.c.ThreadPoolTaskExecutor : Initializing ExecutorService 'applicationTaskExecutor' 
2021:08:18 19:25:26.821 INFO  --- [main] o.s.b.a.e.web.EndpointLinksResolver : Exposing 4 endpoint(s) beneath base path '/actuator' 
2021:08:18 19:25:26.850 INFO  --- [main] o.a.coyote.http11.Http11NioProtocol : Starting ProtocolHandler ["http-nio-8081"] 
2021:08:18 19:25:26.864 INFO  --- [main] o.s.b.w.e.tomcat.TomcatWebServer : Tomcat started on port(s): 8081 (http) with context path '' 
2021:08:18 19:25:26.877 INFO  --- [main] com.cnc.rating.RatingApplication : Started RatingApplication in 3.743 seconds (JVM running for 4.163) 
2021:08:18 19:25:33.542 INFO  --- [http-nio-8081-exec-1] o.a.c.c.C.[Tomcat].[localhost].[/] : Initializing Spring DispatcherServlet 'dispatcherServlet' 
2021:08:18 19:25:33.543 INFO  --- [http-nio-8081-exec-1] o.s.web.servlet.DispatcherServlet : Initializing Servlet 'dispatcherServlet' 
2021:08:18 19:25:33.544 INFO  --- [http-nio-8081-exec-1] o.s.web.servlet.DispatcherServlet : Completed initialization in 1 ms 
2021:08:18 19:25:38.424 INFO  --- [http-nio-8081-exec-1] c.c.r.service.AzureQueryService : service_mgmt_no : 7001024586, range : 6, duration : 4798, size : 19526  
2021:08:18 19:25:40.563 INFO  --- [http-nio-8081-exec-10] c.c.r.service.AzureQueryService : service_mgmt_no : 7001861595, range : 6, duration : 2108, size : 19338  
2021:08:18 19:25:41.038 INFO  --- [http-nio-8081-exec-8] c.c.r.service.AzureQueryService : service_mgmt_no : 7000883732, range : 6, duration : 2587, size : 19377  
2021:08:18 19:25:41.174 INFO  --- [http-nio-8081-exec-6] c.c.r.service.AzureQueryService : service_mgmt_no : 7001189177, range : 6, duration : 2723, size : 19383  
2021:08:18 19:25:42.190 INFO  --- [http-nio-8081-exec-4] c.c.r.service.AzureQueryService : service_mgmt_no : 7001053739, range : 6, duration : 3740, size : 19296  
2021:08:18 19:25:42.208 INFO  --- [http-nio-8081-exec-2] c.c.r.service.AzureQueryService : service_mgmt_no : 7000411998, range : 6, duration : 3757, size : 19272  
2021:08:18 19:25:42.215 INFO  --- [http-nio-8081-exec-1] c.c.r.service.AzureQueryService : service_mgmt_no : 7000883421, range : 6, duration : 3747, size : 19337  
2021:08:18 19:25:42.383 INFO  --- [http-nio-8081-exec-9] c.c.r.service.AzureQueryService : service_mgmt_no : 7000699187, range : 6, duration : 3932, size : 19253  
2021:08:18 19:25:42.529 INFO  --- [http-nio-8081-exec-3] c.c.r.service.AzureQueryService : service_mgmt_no : 7001144991, range : 6, duration : 4078, size : 19251  
2021:08:18 19:25:42.536 INFO  --- [http-nio-8081-exec-5] c.c.r.service.AzureQueryService : service_mgmt_no : 7002575393, range : 6, duration : 4085, size : 19354  
2021:08:18 19:25:43.496 INFO  --- [http-nio-8081-exec-7] c.c.r.service.AzureQueryService : service_mgmt_no : 7001293183, range : 6, duration : 5045, size : 19412  
2021:08:18 19:25:44.126 INFO  --- [http-nio-8081-exec-8] c.c.r.service.AzureQueryService : service_mgmt_no : 7001506510, range : 6, duration : 3084, size : 19439  
2021:08:18 19:25:44.312 INFO  --- [http-nio-8081-exec-1] c.c.r.service.AzureQueryService : service_mgmt_no : 7002610262, range : 6, duration : 2095, size : 19393  
2021:08:18 19:25:44.403 INFO  --- [http-nio-8081-exec-3] c.c.r.service.AzureQueryService : service_mgmt_no : 7001418247, range : 6, duration : 1871, size : 19189  
2021:08:18 19:25:44.519 INFO  --- [http-nio-8081-exec-6] c.c.r.service.AzureQueryService : service_mgmt_no : 7001778213, range : 6, duration : 3341, size : 19388  
2021:08:18 19:25:44.601 INFO  --- [http-nio-8081-exec-4] c.c.r.service.AzureQueryService : service_mgmt_no : 7001699772, range : 6, duration : 2408, size : 19197  
2021:08:18 19:25:44.785 INFO  --- [http-nio-8081-exec-5] c.c.r.service.AzureQueryService : service_mgmt_no : 7002303312, range : 6, duration : 2246, size : 19151  
2021:08:18 19:25:44.876 INFO  --- [http-nio-8081-exec-10] c.c.r.service.AzureQueryService : service_mgmt_no : 7000037861, range : 6, duration : 4308, size : 19277  
2021:08:18 19:25:45.265 INFO  --- [http-nio-8081-exec-9] c.c.r.service.AzureQueryService : service_mgmt_no : 7001922299, range : 6, duration : 2879, size : 19052  
2021:08:18 19:25:46.119 INFO  --- [http-nio-8081-exec-7] c.c.r.service.AzureQueryService : service_mgmt_no : 7001818924, range : 6, duration : 2619, size : 19017  
2021:08:18 19:25:46.673 INFO  --- [http-nio-8081-exec-5] c.c.r.service.AzureQueryService : service_mgmt_no : 7001418900, range : 6, duration : 1885, size : 19492  
2021:08:18 19:25:47.002 INFO  --- [http-nio-8081-exec-8] c.c.r.service.AzureQueryService : service_mgmt_no : 7002666358, range : 6, duration : 2873, size : 19392  
2021:08:18 19:25:47.073 INFO  --- [http-nio-8081-exec-2] c.c.r.service.AzureQueryService : service_mgmt_no : 7001316560, range : 6, duration : 4862, size : 19226  
2021:08:18 19:25:47.285 INFO  --- [http-nio-8081-exec-9] c.c.r.service.AzureQueryService : service_mgmt_no : 7000529568, range : 6, duration : 2017, size : 19236  
2021:08:18 19:25:47.903 INFO  --- [http-nio-8081-exec-6] c.c.r.service.AzureQueryService : service_mgmt_no : 7001397429, range : 6, duration : 3381, size : 19324  
2021:08:18 19:25:48.377 INFO  --- [http-nio-8081-exec-1] c.c.r.service.AzureQueryService : service_mgmt_no : 7002293186, range : 6, duration : 4062, size : 18904  
2021:08:18 19:25:48.386 INFO  --- [http-nio-8081-exec-3] c.c.r.service.AzureQueryService : service_mgmt_no : 7000134448, range : 6, duration : 3979, size : 19517  
2021:08:18 19:25:48.556 INFO  --- [http-nio-8081-exec-10] c.c.r.service.AzureQueryService : service_mgmt_no : 7002475344, range : 6, duration : 3678, size : 19067  
2021:08:18 19:25:48.718 INFO  --- [http-nio-8081-exec-4] c.c.r.service.AzureQueryService : service_mgmt_no : 7001914059, range : 6, duration : 4113, size : 19245  
2021:08:18 19:25:49.253 INFO  --- [http-nio-8081-exec-7] c.c.r.service.AzureQueryService : service_mgmt_no : 7000531895, range : 6, duration : 3131, size : 19286  
2021:08:18 19:27:08.355 INFO  --- [SpringContextShutdownHook] o.s.s.c.ThreadPoolTaskExecutor : Shutting down ExecutorService 'applicationTaskExecutor' 
2021:08:18 19:27:08.355 INFO  --- [SpringContextShutdownHook] o.s.o.j.LocalContainerEntityManagerFactoryBean : Closing JPA EntityManagerFactory for persistence unit 'default' 
2021:08:18 19:27:08.357 INFO  --- [SpringContextShutdownHook] com.zaxxer.hikari.HikariDataSource : HikariPool-1 - Shutdown initiated... 
2021:08:18 19:27:08.364 INFO  --- [SpringContextShutdownHook] com.zaxxer.hikari.HikariDataSource : HikariPool-1 - Shutdown completed. 
