2021:07:21 23:33:17.858 INFO  --- [main] com.cnc.rating.RatingApplication : Starting RatingApplication using Java 11.0.11 on BSS-URT-BMT-VM-App-1 with PID 193570 (/home/P171580/cnc_bmt/build/libs/rating-0.0.1-SNAPSHOT.jar started by P171580 in /home/P171580/cnc_bmt/build/libs) 
2021:07:21 23:33:17.860 INFO  --- [main] com.cnc.rating.RatingApplication : The following profiles are active: azure 
2021:07:21 23:33:18.677 INFO  --- [main] o.s.d.r.c.RepositoryConfigurationDelegate : Bootstrapping Spring Data JPA repositories in DEFAULT mode. 
2021:07:21 23:33:18.691 INFO  --- [main] o.s.d.r.c.RepositoryConfigurationDelegate : Finished Spring Data repository scanning in 6 ms. Found 0 JPA repository interfaces. 
2021:07:21 23:33:19.214 INFO  --- [main] o.s.b.w.e.tomcat.TomcatWebServer : Tomcat initialized with port(s): 8081 (http) 
2021:07:21 23:33:19.226 INFO  --- [main] o.a.coyote.http11.Http11NioProtocol : Initializing ProtocolHandler ["http-nio-8081"] 
2021:07:21 23:33:19.226 INFO  --- [main] o.a.catalina.core.StandardService : Starting service [Tomcat] 
2021:07:21 23:33:19.226 INFO  --- [main] o.a.catalina.core.StandardEngine : Starting Servlet engine: [Apache Tomcat/9.0.45] 
2021:07:21 23:33:19.274 INFO  --- [main] o.a.c.c.C.[Tomcat].[localhost].[/] : Initializing Spring embedded WebApplicationContext 
2021:07:21 23:33:19.274 INFO  --- [main] o.s.b.w.s.c.ServletWebServerApplicationContext : Root WebApplicationContext: initialization completed in 1368 ms 
2021:07:21 23:33:19.549 INFO  --- [main] com.zaxxer.hikari.HikariDataSource : HikariPool-1 - Starting... 
2021:07:21 23:33:19.867 INFO  --- [main] com.zaxxer.hikari.HikariDataSource : HikariPool-1 - Start completed. 
2021:07:21 23:33:19.914 INFO  --- [main] o.h.jpa.internal.util.LogHelper : HHH000204: Processing PersistenceUnitInfo [name: default] 
2021:07:21 23:33:19.961 INFO  --- [main] org.hibernate.Version : HHH000412: Hibernate ORM core version 5.4.30.Final 
2021:07:21 23:33:20.107 INFO  --- [main] o.h.annotations.common.Version : HCANN000001: Hibernate Commons Annotations {5.1.2.Final} 
2021:07:21 23:33:20.227 INFO  --- [main] org.hibernate.dialect.Dialect : HHH000400: Using dialect: org.hibernate.dialect.PostgreSQL10Dialect 
2021:07:21 23:33:20.430 INFO  --- [main] o.h.e.t.j.p.i.JtaPlatformInitiator : HHH000490: Using JtaPlatform implementation: [org.hibernate.engine.transaction.jta.platform.internal.NoJtaPlatform] 
2021:07:21 23:33:20.440 INFO  --- [main] o.s.o.j.LocalContainerEntityManagerFactoryBean : Initialized JPA EntityManagerFactory for persistence unit 'default' 
2021:07:21 23:33:20.652 WARN  --- [main] o.s.b.a.o.j.JpaBaseConfiguration$JpaWebConfiguration : spring.jpa.open-in-view is enabled by default. Therefore, database queries may be performed during view rendering. Explicitly configure spring.jpa.open-in-view to disable this warning 
2021:07:21 23:33:20.745 INFO  --- [main] o.s.s.c.ThreadPoolTaskExecutor : Initializing ExecutorService 'applicationTaskExecutor' 
2021:07:21 23:33:20.998 INFO  --- [main] o.s.b.a.e.web.EndpointLinksResolver : Exposing 4 endpoint(s) beneath base path '/actuator' 
2021:07:21 23:33:21.031 INFO  --- [main] o.a.coyote.http11.Http11NioProtocol : Starting ProtocolHandler ["http-nio-8081"] 
2021:07:21 23:33:21.047 INFO  --- [main] o.s.b.w.e.tomcat.TomcatWebServer : Tomcat started on port(s): 8081 (http) with context path '' 
2021:07:21 23:33:21.070 INFO  --- [main] com.cnc.rating.RatingApplication : Started RatingApplication in 3.818 seconds (JVM running for 4.239) 
2021:07:21 23:33:29.094 INFO  --- [http-nio-8081-exec-1] o.a.c.c.C.[Tomcat].[localhost].[/] : Initializing Spring DispatcherServlet 'dispatcherServlet' 
2021:07:21 23:33:29.094 INFO  --- [http-nio-8081-exec-1] o.s.web.servlet.DispatcherServlet : Initializing Servlet 'dispatcherServlet' 
2021:07:21 23:33:29.095 INFO  --- [http-nio-8081-exec-1] o.s.web.servlet.DispatcherServlet : Completed initialization in 1 ms 
2021:07:21 23:33:48.396 INFO  --- [http-nio-8081-exec-1] c.c.r.service.AzureQueryService : service_mgmt_no : 7000083909, range : 5, duration : 19212, size : 16075  
2021:07:21 23:34:03.268 INFO  --- [http-nio-8081-exec-2] c.c.r.service.AzureQueryService : service_mgmt_no : 7000080803, range : 5, duration : 14843, size : 15894  
2021:07:21 23:34:03.930 INFO  --- [http-nio-8081-exec-1] c.c.r.service.AzureQueryService : service_mgmt_no : 7000094854, range : 5, duration : 15491, size : 15973  
2021:07:21 23:34:04.333 INFO  --- [http-nio-8081-exec-10] c.c.r.service.AzureQueryService : service_mgmt_no : 7000033924, range : 5, duration : 15907, size : 16037  
2021:07:21 23:34:05.154 INFO  --- [http-nio-8081-exec-9] c.c.r.service.AzureQueryService : service_mgmt_no : 7000062687, range : 5, duration : 16729, size : 16235  
2021:07:21 23:34:05.484 INFO  --- [http-nio-8081-exec-6] c.c.r.service.AzureQueryService : service_mgmt_no : 7000056972, range : 5, duration : 17057, size : 15975  
2021:07:21 23:34:05.857 INFO  --- [http-nio-8081-exec-7] c.c.r.service.AzureQueryService : service_mgmt_no : 7000094238, range : 5, duration : 17432, size : 16030  
2021:07:21 23:34:07.791 INFO  --- [http-nio-8081-exec-4] c.c.r.service.AzureQueryService : service_mgmt_no : 7000070837, range : 5, duration : 19366, size : 16293  
2021:07:21 23:34:08.650 INFO  --- [http-nio-8081-exec-3] c.c.r.service.AzureQueryService : service_mgmt_no : 7000002205, range : 5, duration : 20225, size : 16032  
2021:07:21 23:34:08.864 INFO  --- [http-nio-8081-exec-5] c.c.r.service.AzureQueryService : service_mgmt_no : 7000081857, range : 5, duration : 20438, size : 16096  
2021:07:21 23:34:09.172 INFO  --- [http-nio-8081-exec-8] c.c.r.service.AzureQueryService : service_mgmt_no : 7000061087, range : 5, duration : 20747, size : 16211  
2021:07:21 23:34:18.484 INFO  --- [http-nio-8081-exec-1] c.c.r.service.AzureQueryService : service_mgmt_no : 7000007867, range : 5, duration : 14550, size : 16097  
2021:07:21 23:34:19.081 INFO  --- [http-nio-8081-exec-7] c.c.r.service.AzureQueryService : service_mgmt_no : 7000083330, range : 5, duration : 13220, size : 16079  
2021:07:21 23:34:19.734 INFO  --- [http-nio-8081-exec-10] c.c.r.service.AzureQueryService : service_mgmt_no : 7000042553, range : 5, duration : 15398, size : 15939  
2021:07:21 23:34:23.729 INFO  --- [http-nio-8081-exec-5] c.c.r.service.AzureQueryService : service_mgmt_no : 7000027047, range : 5, duration : 14862, size : 15916  
2021:07:21 23:34:24.368 INFO  --- [http-nio-8081-exec-4] c.c.r.service.AzureQueryService : service_mgmt_no : 7000002062, range : 5, duration : 16573, size : 16165  
2021:07:21 23:34:27.213 INFO  --- [http-nio-8081-exec-3] c.c.r.service.AzureQueryService : service_mgmt_no : 7000016744, range : 5, duration : 18559, size : 16207  
2021:07:21 23:34:27.334 INFO  --- [http-nio-8081-exec-9] c.c.r.service.AzureQueryService : service_mgmt_no : 7000004775, range : 5, duration : 22176, size : 16343  
2021:07:21 23:34:29.821 INFO  --- [http-nio-8081-exec-2] c.c.r.service.AzureQueryService : service_mgmt_no : 7000082897, range : 5, duration : 26549, size : 16000  
2021:07:21 23:34:31.189 INFO  --- [http-nio-8081-exec-6] c.c.r.service.AzureQueryService : service_mgmt_no : 7000036685, range : 5, duration : 25701, size : 15930  
2021:07:21 23:34:49.110 INFO  --- [SpringContextShutdownHook] o.s.s.c.ThreadPoolTaskExecutor : Shutting down ExecutorService 'applicationTaskExecutor' 
2021:07:21 23:34:49.111 INFO  --- [SpringContextShutdownHook] o.s.o.j.LocalContainerEntityManagerFactoryBean : Closing JPA EntityManagerFactory for persistence unit 'default' 
2021:07:21 23:34:49.112 INFO  --- [SpringContextShutdownHook] com.zaxxer.hikari.HikariDataSource : HikariPool-1 - Shutdown initiated... 
2021:07:21 23:34:49.120 INFO  --- [SpringContextShutdownHook] com.zaxxer.hikari.HikariDataSource : HikariPool-1 - Shutdown completed. 
