2021:07:21 22:58:42.534 INFO  --- [main] com.cnc.rating.RatingApplication : Starting RatingApplication using Java 11.0.11 on BSS-URT-BMT-VM-App-1 with PID 192122 (/home/P171580/cnc_bmt/build/libs/rating-0.0.1-SNAPSHOT.jar started by P171580 in /home/P171580/cnc_bmt/build/libs) 
2021:07:21 22:58:42.537 INFO  --- [main] com.cnc.rating.RatingApplication : The following profiles are active: azure 
2021:07:21 22:58:43.293 INFO  --- [main] o.s.d.r.c.RepositoryConfigurationDelegate : Bootstrapping Spring Data JPA repositories in DEFAULT mode. 
2021:07:21 22:58:43.306 INFO  --- [main] o.s.d.r.c.RepositoryConfigurationDelegate : Finished Spring Data repository scanning in 5 ms. Found 0 JPA repository interfaces. 
2021:07:21 22:58:43.798 INFO  --- [main] o.s.b.w.e.tomcat.TomcatWebServer : Tomcat initialized with port(s): 8081 (http) 
2021:07:21 22:58:43.809 INFO  --- [main] o.a.coyote.http11.Http11NioProtocol : Initializing ProtocolHandler ["http-nio-8081"] 
2021:07:21 22:58:43.810 INFO  --- [main] o.a.catalina.core.StandardService : Starting service [Tomcat] 
2021:07:21 22:58:43.810 INFO  --- [main] o.a.catalina.core.StandardEngine : Starting Servlet engine: [Apache Tomcat/9.0.45] 
2021:07:21 22:58:43.858 INFO  --- [main] o.a.c.c.C.[Tomcat].[localhost].[/] : Initializing Spring embedded WebApplicationContext 
2021:07:21 22:58:43.858 INFO  --- [main] o.s.b.w.s.c.ServletWebServerApplicationContext : Root WebApplicationContext: initialization completed in 1279 ms 
2021:07:21 22:58:44.128 INFO  --- [main] com.zaxxer.hikari.HikariDataSource : HikariPool-1 - Starting... 
2021:07:21 22:58:44.435 INFO  --- [main] com.zaxxer.hikari.HikariDataSource : HikariPool-1 - Start completed. 
2021:07:21 22:58:44.483 INFO  --- [main] o.h.jpa.internal.util.LogHelper : HHH000204: Processing PersistenceUnitInfo [name: default] 
2021:07:21 22:58:44.531 INFO  --- [main] org.hibernate.Version : HHH000412: Hibernate ORM core version 5.4.30.Final 
2021:07:21 22:58:44.666 INFO  --- [main] o.h.annotations.common.Version : HCANN000001: Hibernate Commons Annotations {5.1.2.Final} 
2021:07:21 22:58:44.801 INFO  --- [main] org.hibernate.dialect.Dialect : HHH000400: Using dialect: org.hibernate.dialect.PostgreSQL10Dialect 
2021:07:21 22:58:45.013 INFO  --- [main] o.h.e.t.j.p.i.JtaPlatformInitiator : HHH000490: Using JtaPlatform implementation: [org.hibernate.engine.transaction.jta.platform.internal.NoJtaPlatform] 
2021:07:21 22:58:45.022 INFO  --- [main] o.s.o.j.LocalContainerEntityManagerFactoryBean : Initialized JPA EntityManagerFactory for persistence unit 'default' 
2021:07:21 22:58:45.229 WARN  --- [main] o.s.b.a.o.j.JpaBaseConfiguration$JpaWebConfiguration : spring.jpa.open-in-view is enabled by default. Therefore, database queries may be performed during view rendering. Explicitly configure spring.jpa.open-in-view to disable this warning 
2021:07:21 22:58:45.318 INFO  --- [main] o.s.s.c.ThreadPoolTaskExecutor : Initializing ExecutorService 'applicationTaskExecutor' 
2021:07:21 22:58:45.550 INFO  --- [main] o.s.b.a.e.web.EndpointLinksResolver : Exposing 4 endpoint(s) beneath base path '/actuator' 
2021:07:21 22:58:45.581 INFO  --- [main] o.a.coyote.http11.Http11NioProtocol : Starting ProtocolHandler ["http-nio-8081"] 
2021:07:21 22:58:45.595 INFO  --- [main] o.s.b.w.e.tomcat.TomcatWebServer : Tomcat started on port(s): 8081 (http) with context path '' 
2021:07:21 22:58:45.610 INFO  --- [main] com.cnc.rating.RatingApplication : Started RatingApplication in 3.665 seconds (JVM running for 4.093) 
2021:07:21 22:58:55.591 INFO  --- [http-nio-8081-exec-1] o.a.c.c.C.[Tomcat].[localhost].[/] : Initializing Spring DispatcherServlet 'dispatcherServlet' 
2021:07:21 22:58:55.592 INFO  --- [http-nio-8081-exec-1] o.s.web.servlet.DispatcherServlet : Initializing Servlet 'dispatcherServlet' 
2021:07:21 22:58:55.593 INFO  --- [http-nio-8081-exec-1] o.s.web.servlet.DispatcherServlet : Completed initialization in 1 ms 
2021:07:21 22:59:10.135 INFO  --- [http-nio-8081-exec-1] c.c.r.service.AzureQueryService : service_mgmt_no : 7000055672, range : 4, duration : 14453, size : 12989  
2021:07:21 22:59:21.683 INFO  --- [http-nio-8081-exec-2] c.c.r.service.AzureQueryService : service_mgmt_no : 7000050503, range : 4, duration : 11513, size : 12778  
2021:07:21 22:59:32.857 INFO  --- [http-nio-8081-exec-3] c.c.r.service.AzureQueryService : service_mgmt_no : 7000024475, range : 4, duration : 11170, size : 12944  
2021:07:21 22:59:46.453 INFO  --- [http-nio-8081-exec-4] c.c.r.service.AzureQueryService : service_mgmt_no : 7000055540, range : 4, duration : 13592, size : 12875  
2021:07:21 22:59:58.438 INFO  --- [http-nio-8081-exec-5] c.c.r.service.AzureQueryService : service_mgmt_no : 7000065507, range : 4, duration : 11980, size : 12798  
2021:07:21 23:00:09.586 INFO  --- [http-nio-8081-exec-6] c.c.r.service.AzureQueryService : service_mgmt_no : 7000082754, range : 4, duration : 11144, size : 12956  
2021:07:21 23:00:28.395 INFO  --- [http-nio-8081-exec-7] c.c.r.service.AzureQueryService : service_mgmt_no : 7000068096, range : 4, duration : 18804, size : 12640  
2021:07:21 23:00:40.550 INFO  --- [http-nio-8081-exec-8] c.c.r.service.AzureQueryService : service_mgmt_no : 7000009122, range : 4, duration : 12151, size : 12837  
2021:07:21 23:00:54.657 INFO  --- [http-nio-8081-exec-9] c.c.r.service.AzureQueryService : service_mgmt_no : 7000076131, range : 4, duration : 14103, size : 12882  
2021:07:21 23:01:09.498 INFO  --- [http-nio-8081-exec-10] c.c.r.service.AzureQueryService : service_mgmt_no : 7000069091, range : 4, duration : 14837, size : 12826  
2021:07:21 23:01:30.071 INFO  --- [http-nio-8081-exec-1] c.c.r.service.AzureQueryService : service_mgmt_no : 7000042876, range : 4, duration : 20570, size : 12910  
2021:07:21 23:01:45.010 INFO  --- [http-nio-8081-exec-2] c.c.r.service.AzureQueryService : service_mgmt_no : 7000053749, range : 4, duration : 14935, size : 12818  
2021:07:21 23:01:57.674 INFO  --- [http-nio-8081-exec-3] c.c.r.service.AzureQueryService : service_mgmt_no : 7000043249, range : 4, duration : 12660, size : 12969  
2021:07:21 23:02:11.595 INFO  --- [http-nio-8081-exec-4] c.c.r.service.AzureQueryService : service_mgmt_no : 7000082015, range : 4, duration : 13917, size : 12829  
2021:07:21 23:02:25.001 INFO  --- [http-nio-8081-exec-5] c.c.r.service.AzureQueryService : service_mgmt_no : 7000048671, range : 4, duration : 13402, size : 12999  
2021:07:21 23:02:37.823 INFO  --- [http-nio-8081-exec-6] c.c.r.service.AzureQueryService : service_mgmt_no : 7000068809, range : 4, duration : 12817, size : 12824  
2021:07:21 23:02:48.620 INFO  --- [http-nio-8081-exec-7] c.c.r.service.AzureQueryService : service_mgmt_no : 7000044804, range : 4, duration : 10793, size : 12861  
2021:07:21 23:03:03.078 INFO  --- [http-nio-8081-exec-8] c.c.r.service.AzureQueryService : service_mgmt_no : 7000017038, range : 4, duration : 14454, size : 12649  
2021:07:21 23:03:14.129 INFO  --- [http-nio-8081-exec-9] c.c.r.service.AzureQueryService : service_mgmt_no : 7000033512, range : 4, duration : 11048, size : 12734  
2021:07:21 23:03:25.407 INFO  --- [http-nio-8081-exec-10] c.c.r.service.AzureQueryService : service_mgmt_no : 7000004623, range : 4, duration : 11274, size : 12908  
2021:07:21 23:03:38.231 INFO  --- [SpringContextShutdownHook] o.s.s.c.ThreadPoolTaskExecutor : Shutting down ExecutorService 'applicationTaskExecutor' 
2021:07:21 23:03:38.232 INFO  --- [SpringContextShutdownHook] o.s.o.j.LocalContainerEntityManagerFactoryBean : Closing JPA EntityManagerFactory for persistence unit 'default' 
2021:07:21 23:03:38.234 INFO  --- [SpringContextShutdownHook] com.zaxxer.hikari.HikariDataSource : HikariPool-1 - Shutdown initiated... 
2021:07:21 23:03:38.245 INFO  --- [SpringContextShutdownHook] com.zaxxer.hikari.HikariDataSource : HikariPool-1 - Shutdown completed. 
