2021:07:21 23:37:03.340 INFO  --- [main] com.cnc.rating.RatingApplication : Starting RatingApplication using Java 11.0.11 on BSS-URT-BMT-VM-App-1 with PID 193863 (/home/P171580/cnc_bmt/build/libs/rating-0.0.1-SNAPSHOT.jar started by P171580 in /home/P171580/cnc_bmt/build/libs) 
2021:07:21 23:37:03.342 INFO  --- [main] com.cnc.rating.RatingApplication : The following profiles are active: azure 
2021:07:21 23:37:04.120 INFO  --- [main] o.s.d.r.c.RepositoryConfigurationDelegate : Bootstrapping Spring Data JPA repositories in DEFAULT mode. 
2021:07:21 23:37:04.134 INFO  --- [main] o.s.d.r.c.RepositoryConfigurationDelegate : Finished Spring Data repository scanning in 5 ms. Found 0 JPA repository interfaces. 
2021:07:21 23:37:04.648 INFO  --- [main] o.s.b.w.e.tomcat.TomcatWebServer : Tomcat initialized with port(s): 8081 (http) 
2021:07:21 23:37:04.660 INFO  --- [main] o.a.coyote.http11.Http11NioProtocol : Initializing ProtocolHandler ["http-nio-8081"] 
2021:07:21 23:37:04.660 INFO  --- [main] o.a.catalina.core.StandardService : Starting service [Tomcat] 
2021:07:21 23:37:04.660 INFO  --- [main] o.a.catalina.core.StandardEngine : Starting Servlet engine: [Apache Tomcat/9.0.45] 
2021:07:21 23:37:04.703 INFO  --- [main] o.a.c.c.C.[Tomcat].[localhost].[/] : Initializing Spring embedded WebApplicationContext 
2021:07:21 23:37:04.703 INFO  --- [main] o.s.b.w.s.c.ServletWebServerApplicationContext : Root WebApplicationContext: initialization completed in 1316 ms 
2021:07:21 23:37:04.969 INFO  --- [main] com.zaxxer.hikari.HikariDataSource : HikariPool-1 - Starting... 
2021:07:21 23:37:05.260 INFO  --- [main] com.zaxxer.hikari.HikariDataSource : HikariPool-1 - Start completed. 
2021:07:21 23:37:05.306 INFO  --- [main] o.h.jpa.internal.util.LogHelper : HHH000204: Processing PersistenceUnitInfo [name: default] 
2021:07:21 23:37:05.352 INFO  --- [main] org.hibernate.Version : HHH000412: Hibernate ORM core version 5.4.30.Final 
2021:07:21 23:37:05.482 INFO  --- [main] o.h.annotations.common.Version : HCANN000001: Hibernate Commons Annotations {5.1.2.Final} 
2021:07:21 23:37:05.595 INFO  --- [main] org.hibernate.dialect.Dialect : HHH000400: Using dialect: org.hibernate.dialect.PostgreSQL10Dialect 
2021:07:21 23:37:05.795 INFO  --- [main] o.h.e.t.j.p.i.JtaPlatformInitiator : HHH000490: Using JtaPlatform implementation: [org.hibernate.engine.transaction.jta.platform.internal.NoJtaPlatform] 
2021:07:21 23:37:05.804 INFO  --- [main] o.s.o.j.LocalContainerEntityManagerFactoryBean : Initialized JPA EntityManagerFactory for persistence unit 'default' 
2021:07:21 23:37:06.006 WARN  --- [main] o.s.b.a.o.j.JpaBaseConfiguration$JpaWebConfiguration : spring.jpa.open-in-view is enabled by default. Therefore, database queries may be performed during view rendering. Explicitly configure spring.jpa.open-in-view to disable this warning 
2021:07:21 23:37:06.110 INFO  --- [main] o.s.s.c.ThreadPoolTaskExecutor : Initializing ExecutorService 'applicationTaskExecutor' 
2021:07:21 23:37:06.373 INFO  --- [main] o.s.b.a.e.web.EndpointLinksResolver : Exposing 4 endpoint(s) beneath base path '/actuator' 
2021:07:21 23:37:06.405 INFO  --- [main] o.a.coyote.http11.Http11NioProtocol : Starting ProtocolHandler ["http-nio-8081"] 
2021:07:21 23:37:06.418 INFO  --- [main] o.s.b.w.e.tomcat.TomcatWebServer : Tomcat started on port(s): 8081 (http) with context path '' 
2021:07:21 23:37:06.433 INFO  --- [main] com.cnc.rating.RatingApplication : Started RatingApplication in 3.689 seconds (JVM running for 4.119) 
2021:07:21 23:37:13.884 INFO  --- [http-nio-8081-exec-1] o.a.c.c.C.[Tomcat].[localhost].[/] : Initializing Spring DispatcherServlet 'dispatcherServlet' 
2021:07:21 23:37:13.885 INFO  --- [http-nio-8081-exec-1] o.s.web.servlet.DispatcherServlet : Initializing Servlet 'dispatcherServlet' 
2021:07:21 23:37:13.886 INFO  --- [http-nio-8081-exec-1] o.s.web.servlet.DispatcherServlet : Completed initialization in 1 ms 
2021:07:21 23:37:21.831 INFO  --- [http-nio-8081-exec-1] c.c.r.service.AzureQueryService : service_mgmt_no : 7000082200, range : 2, duration : 7856, size : 6347  
2021:07:21 23:37:27.368 INFO  --- [http-nio-8081-exec-3] c.c.r.service.AzureQueryService : service_mgmt_no : 7000092953, range : 2, duration : 5501, size : 6345  
2021:07:21 23:37:27.526 INFO  --- [http-nio-8081-exec-2] c.c.r.service.AzureQueryService : service_mgmt_no : 7000041749, range : 2, duration : 5666, size : 6482  
2021:07:21 23:37:28.218 INFO  --- [http-nio-8081-exec-10] c.c.r.service.AzureQueryService : service_mgmt_no : 7000048719, range : 2, duration : 6357, size : 6472  
2021:07:21 23:37:28.239 INFO  --- [http-nio-8081-exec-7] c.c.r.service.AzureQueryService : service_mgmt_no : 7000063174, range : 2, duration : 6378, size : 6349  
2021:07:21 23:37:28.353 INFO  --- [http-nio-8081-exec-6] c.c.r.service.AzureQueryService : service_mgmt_no : 7000029204, range : 2, duration : 6492, size : 6444  
2021:07:21 23:37:28.540 INFO  --- [http-nio-8081-exec-8] c.c.r.service.AzureQueryService : service_mgmt_no : 7000031704, range : 2, duration : 6679, size : 6396  
2021:07:21 23:37:28.767 INFO  --- [http-nio-8081-exec-9] c.c.r.service.AzureQueryService : service_mgmt_no : 7000059049, range : 2, duration : 6900, size : 6502  
2021:07:21 23:37:28.813 INFO  --- [http-nio-8081-exec-4] c.c.r.service.AzureQueryService : service_mgmt_no : 7000072172, range : 2, duration : 6944, size : 6507  
2021:07:21 23:37:28.814 INFO  --- [http-nio-8081-exec-1] c.c.r.service.AzureQueryService : service_mgmt_no : 7000064781, range : 2, duration : 6931, size : 6296  
2021:07:21 23:37:30.219 INFO  --- [http-nio-8081-exec-5] c.c.r.service.AzureQueryService : service_mgmt_no : 7000094893, range : 2, duration : 8359, size : 6424  
2021:07:21 23:37:33.623 INFO  --- [http-nio-8081-exec-6] c.c.r.service.AzureQueryService : service_mgmt_no : 7000075927, range : 2, duration : 5266, size : 6540  
2021:07:21 23:37:33.692 INFO  --- [http-nio-8081-exec-10] c.c.r.service.AzureQueryService : service_mgmt_no : 7000032598, range : 2, duration : 5470, size : 6360  
2021:07:21 23:37:33.745 INFO  --- [http-nio-8081-exec-8] c.c.r.service.AzureQueryService : service_mgmt_no : 7000027628, range : 2, duration : 5202, size : 6547  
2021:07:21 23:37:34.423 INFO  --- [http-nio-8081-exec-1] c.c.r.service.AzureQueryService : service_mgmt_no : 7000049427, range : 2, duration : 5606, size : 6464  
2021:07:21 23:37:34.506 INFO  --- [http-nio-8081-exec-3] c.c.r.service.AzureQueryService : service_mgmt_no : 7000006427, range : 2, duration : 7133, size : 6434  
2021:07:21 23:37:35.007 INFO  --- [http-nio-8081-exec-9] c.c.r.service.AzureQueryService : service_mgmt_no : 7000077801, range : 2, duration : 6236, size : 6422  
2021:07:21 23:37:35.165 INFO  --- [http-nio-8081-exec-4] c.c.r.service.AzureQueryService : service_mgmt_no : 7000056074, range : 2, duration : 6349, size : 6357  
2021:07:21 23:37:36.195 INFO  --- [http-nio-8081-exec-7] c.c.r.service.AzureQueryService : service_mgmt_no : 7000056410, range : 2, duration : 7953, size : 6391  
2021:07:21 23:37:39.666 INFO  --- [http-nio-8081-exec-2] c.c.r.service.AzureQueryService : service_mgmt_no : 7000046043, range : 2, duration : 12135, size : 6417  
2021:07:21 23:37:54.767 INFO  --- [SpringContextShutdownHook] o.s.s.c.ThreadPoolTaskExecutor : Shutting down ExecutorService 'applicationTaskExecutor' 
2021:07:21 23:37:54.767 INFO  --- [SpringContextShutdownHook] o.s.o.j.LocalContainerEntityManagerFactoryBean : Closing JPA EntityManagerFactory for persistence unit 'default' 
2021:07:21 23:37:54.769 INFO  --- [SpringContextShutdownHook] com.zaxxer.hikari.HikariDataSource : HikariPool-1 - Shutdown initiated... 
2021:07:21 23:37:54.776 INFO  --- [SpringContextShutdownHook] com.zaxxer.hikari.HikariDataSource : HikariPool-1 - Shutdown completed. 
