2021:07:21 19:37:23.901 INFO  --- [main] com.cnc.rating.RatingApplication : Starting RatingApplication using Java 11.0.11 on BSS-URT-BMT-VM-App-1 with PID 187378 (/home/P171580/cnc_bmt/build/libs/rating-0.0.1-SNAPSHOT.jar started by P171580 in /home/P171580/cnc_bmt/build/libs) 
2021:07:21 19:37:23.903 INFO  --- [main] com.cnc.rating.RatingApplication : The following profiles are active: azure 
2021:07:21 19:37:24.672 INFO  --- [main] o.s.d.r.c.RepositoryConfigurationDelegate : Bootstrapping Spring Data JPA repositories in DEFAULT mode. 
2021:07:21 19:37:24.685 INFO  --- [main] o.s.d.r.c.RepositoryConfigurationDelegate : Finished Spring Data repository scanning in 5 ms. Found 0 JPA repository interfaces. 
2021:07:21 19:37:25.179 INFO  --- [main] o.s.b.w.e.tomcat.TomcatWebServer : Tomcat initialized with port(s): 8081 (http) 
2021:07:21 19:37:25.191 INFO  --- [main] o.a.coyote.http11.Http11NioProtocol : Initializing ProtocolHandler ["http-nio-8081"] 
2021:07:21 19:37:25.192 INFO  --- [main] o.a.catalina.core.StandardService : Starting service [Tomcat] 
2021:07:21 19:37:25.192 INFO  --- [main] o.a.catalina.core.StandardEngine : Starting Servlet engine: [Apache Tomcat/9.0.45] 
2021:07:21 19:37:25.240 INFO  --- [main] o.a.c.c.C.[Tomcat].[localhost].[/] : Initializing Spring embedded WebApplicationContext 
2021:07:21 19:37:25.240 INFO  --- [main] o.s.b.w.s.c.ServletWebServerApplicationContext : Root WebApplicationContext: initialization completed in 1292 ms 
2021:07:21 19:37:25.510 INFO  --- [main] com.zaxxer.hikari.HikariDataSource : HikariPool-1 - Starting... 
2021:07:21 19:37:25.824 INFO  --- [main] com.zaxxer.hikari.HikariDataSource : HikariPool-1 - Start completed. 
2021:07:21 19:37:25.871 INFO  --- [main] o.h.jpa.internal.util.LogHelper : HHH000204: Processing PersistenceUnitInfo [name: default] 
2021:07:21 19:37:25.919 INFO  --- [main] org.hibernate.Version : HHH000412: Hibernate ORM core version 5.4.30.Final 
2021:07:21 19:37:26.055 INFO  --- [main] o.h.annotations.common.Version : HCANN000001: Hibernate Commons Annotations {5.1.2.Final} 
2021:07:21 19:37:26.172 INFO  --- [main] org.hibernate.dialect.Dialect : HHH000400: Using dialect: org.hibernate.dialect.PostgreSQL10Dialect 
2021:07:21 19:37:26.423 INFO  --- [main] o.h.e.t.j.p.i.JtaPlatformInitiator : HHH000490: Using JtaPlatform implementation: [org.hibernate.engine.transaction.jta.platform.internal.NoJtaPlatform] 
2021:07:21 19:37:26.432 INFO  --- [main] o.s.o.j.LocalContainerEntityManagerFactoryBean : Initialized JPA EntityManagerFactory for persistence unit 'default' 
2021:07:21 19:37:26.638 WARN  --- [main] o.s.b.a.o.j.JpaBaseConfiguration$JpaWebConfiguration : spring.jpa.open-in-view is enabled by default. Therefore, database queries may be performed during view rendering. Explicitly configure spring.jpa.open-in-view to disable this warning 
2021:07:21 19:37:26.729 INFO  --- [main] o.s.s.c.ThreadPoolTaskExecutor : Initializing ExecutorService 'applicationTaskExecutor' 
2021:07:21 19:37:26.975 INFO  --- [main] o.s.b.a.e.web.EndpointLinksResolver : Exposing 4 endpoint(s) beneath base path '/actuator' 
2021:07:21 19:37:27.006 INFO  --- [main] o.a.coyote.http11.Http11NioProtocol : Starting ProtocolHandler ["http-nio-8081"] 
2021:07:21 19:37:27.020 INFO  --- [main] o.s.b.w.e.tomcat.TomcatWebServer : Tomcat started on port(s): 8081 (http) with context path '' 
2021:07:21 19:37:27.034 INFO  --- [main] com.cnc.rating.RatingApplication : Started RatingApplication in 3.776 seconds (JVM running for 4.196) 
2021:07:21 19:37:36.085 INFO  --- [http-nio-8081-exec-1] o.a.c.c.C.[Tomcat].[localhost].[/] : Initializing Spring DispatcherServlet 'dispatcherServlet' 
2021:07:21 19:37:36.085 INFO  --- [http-nio-8081-exec-1] o.s.web.servlet.DispatcherServlet : Initializing Servlet 'dispatcherServlet' 
2021:07:21 19:37:36.086 INFO  --- [http-nio-8081-exec-1] o.s.web.servlet.DispatcherServlet : Completed initialization in 1 ms 
2021:07:21 19:38:19.703 INFO  --- [http-nio-8081-exec-1] c.c.r.service.AzureQueryService : service_mgmt_no : 7000035061, range : 11, duration : 43527, size : 35289  
2021:07:21 19:39:00.230 INFO  --- [http-nio-8081-exec-2] c.c.r.service.AzureQueryService : service_mgmt_no : 7000043736, range : 11, duration : 40491, size : 35435  
2021:07:21 19:39:35.219 INFO  --- [http-nio-8081-exec-3] c.c.r.service.AzureQueryService : service_mgmt_no : 7000031621, range : 11, duration : 34984, size : 35608  
2021:07:21 19:40:16.932 INFO  --- [http-nio-8081-exec-4] c.c.r.service.AzureQueryService : service_mgmt_no : 7000051545, range : 11, duration : 41708, size : 34912  
2021:07:21 19:40:58.224 INFO  --- [http-nio-8081-exec-5] c.c.r.service.AzureQueryService : service_mgmt_no : 7000095164, range : 11, duration : 41287, size : 34985  
2021:07:21 19:41:40.248 INFO  --- [http-nio-8081-exec-6] c.c.r.service.AzureQueryService : service_mgmt_no : 7000045852, range : 11, duration : 42020, size : 35257  
2021:07:21 19:42:29.415 INFO  --- [http-nio-8081-exec-7] c.c.r.service.AzureQueryService : service_mgmt_no : 7000004043, range : 11, duration : 49162, size : 35139  
2021:07:21 19:43:03.009 INFO  --- [http-nio-8081-exec-8] c.c.r.service.AzureQueryService : service_mgmt_no : 7000055450, range : 11, duration : 33590, size : 35166  
2021:07:21 19:43:44.182 INFO  --- [http-nio-8081-exec-9] c.c.r.service.AzureQueryService : service_mgmt_no : 7000062126, range : 11, duration : 41168, size : 35257  
2021:07:21 19:44:29.687 INFO  --- [http-nio-8081-exec-10] c.c.r.service.AzureQueryService : service_mgmt_no : 7000038452, range : 11, duration : 45501, size : 35383  
2021:07:21 19:45:16.823 INFO  --- [http-nio-8081-exec-1] c.c.r.service.AzureQueryService : service_mgmt_no : 7000098295, range : 11, duration : 47132, size : 35508  
2021:07:21 19:46:09.405 INFO  --- [http-nio-8081-exec-2] c.c.r.service.AzureQueryService : service_mgmt_no : 7000080590, range : 11, duration : 52579, size : 35548  
2021:07:21 19:47:14.088 INFO  --- [http-nio-8081-exec-3] c.c.r.service.AzureQueryService : service_mgmt_no : 7000086528, range : 11, duration : 64679, size : 35256  
2021:07:21 19:47:52.054 INFO  --- [http-nio-8081-exec-4] c.c.r.service.AzureQueryService : service_mgmt_no : 7000013689, range : 11, duration : 37962, size : 35414  
2021:07:21 19:48:27.505 INFO  --- [http-nio-8081-exec-5] c.c.r.service.AzureQueryService : service_mgmt_no : 7000014041, range : 11, duration : 35448, size : 35240  
2021:07:21 19:49:09.482 INFO  --- [http-nio-8081-exec-6] c.c.r.service.AzureQueryService : service_mgmt_no : 7000023091, range : 11, duration : 41972, size : 35511  
2021:07:21 19:49:52.157 INFO  --- [http-nio-8081-exec-7] c.c.r.service.AzureQueryService : service_mgmt_no : 7000041597, range : 11, duration : 42671, size : 35341  
2021:07:21 19:50:29.506 INFO  --- [http-nio-8081-exec-8] c.c.r.service.AzureQueryService : service_mgmt_no : 7000016896, range : 11, duration : 37345, size : 35597  
2021:07:21 19:51:06.087 INFO  --- [http-nio-8081-exec-9] c.c.r.service.AzureQueryService : service_mgmt_no : 7000076669, range : 11, duration : 36578, size : 35431  
2021:07:21 19:51:52.920 INFO  --- [http-nio-8081-exec-10] c.c.r.service.AzureQueryService : service_mgmt_no : 7000013657, range : 11, duration : 46830, size : 35205  
2021:07:21 19:53:18.406 INFO  --- [SpringContextShutdownHook] o.s.s.c.ThreadPoolTaskExecutor : Shutting down ExecutorService 'applicationTaskExecutor' 
2021:07:21 19:53:18.406 INFO  --- [SpringContextShutdownHook] o.s.o.j.LocalContainerEntityManagerFactoryBean : Closing JPA EntityManagerFactory for persistence unit 'default' 
2021:07:21 19:53:18.408 INFO  --- [SpringContextShutdownHook] com.zaxxer.hikari.HikariDataSource : HikariPool-1 - Shutdown initiated... 
2021:07:21 19:53:18.424 INFO  --- [SpringContextShutdownHook] com.zaxxer.hikari.HikariDataSource : HikariPool-1 - Shutdown completed. 
