2021:07:21 21:13:02.973 INFO  --- [main] com.cnc.rating.RatingApplication : Starting RatingApplication using Java 11.0.11 on BSS-URT-BMT-VM-App-1 with PID 189434 (/home/P171580/cnc_bmt/build/libs/rating-0.0.1-SNAPSHOT.jar started by P171580 in /home/P171580/cnc_bmt/build/libs) 
2021:07:21 21:13:02.977 INFO  --- [main] com.cnc.rating.RatingApplication : The following profiles are active: azure 
2021:07:21 21:13:03.792 INFO  --- [main] o.s.d.r.c.RepositoryConfigurationDelegate : Bootstrapping Spring Data JPA repositories in DEFAULT mode. 
2021:07:21 21:13:03.805 INFO  --- [main] o.s.d.r.c.RepositoryConfigurationDelegate : Finished Spring Data repository scanning in 6 ms. Found 0 JPA repository interfaces. 
2021:07:21 21:13:04.317 INFO  --- [main] o.s.b.w.e.tomcat.TomcatWebServer : Tomcat initialized with port(s): 8081 (http) 
2021:07:21 21:13:04.328 INFO  --- [main] o.a.coyote.http11.Http11NioProtocol : Initializing ProtocolHandler ["http-nio-8081"] 
2021:07:21 21:13:04.329 INFO  --- [main] o.a.catalina.core.StandardService : Starting service [Tomcat] 
2021:07:21 21:13:04.329 INFO  --- [main] o.a.catalina.core.StandardEngine : Starting Servlet engine: [Apache Tomcat/9.0.45] 
2021:07:21 21:13:04.372 INFO  --- [main] o.a.c.c.C.[Tomcat].[localhost].[/] : Initializing Spring embedded WebApplicationContext 
2021:07:21 21:13:04.372 INFO  --- [main] o.s.b.w.s.c.ServletWebServerApplicationContext : Root WebApplicationContext: initialization completed in 1337 ms 
2021:07:21 21:13:04.636 INFO  --- [main] com.zaxxer.hikari.HikariDataSource : HikariPool-1 - Starting... 
2021:07:21 21:13:04.921 INFO  --- [main] com.zaxxer.hikari.HikariDataSource : HikariPool-1 - Start completed. 
2021:07:21 21:13:04.967 INFO  --- [main] o.h.jpa.internal.util.LogHelper : HHH000204: Processing PersistenceUnitInfo [name: default] 
2021:07:21 21:13:05.014 INFO  --- [main] org.hibernate.Version : HHH000412: Hibernate ORM core version 5.4.30.Final 
2021:07:21 21:13:05.158 INFO  --- [main] o.h.annotations.common.Version : HCANN000001: Hibernate Commons Annotations {5.1.2.Final} 
2021:07:21 21:13:05.294 INFO  --- [main] org.hibernate.dialect.Dialect : HHH000400: Using dialect: org.hibernate.dialect.PostgreSQL10Dialect 
2021:07:21 21:13:05.565 INFO  --- [main] o.h.e.t.j.p.i.JtaPlatformInitiator : HHH000490: Using JtaPlatform implementation: [org.hibernate.engine.transaction.jta.platform.internal.NoJtaPlatform] 
2021:07:21 21:13:05.574 INFO  --- [main] o.s.o.j.LocalContainerEntityManagerFactoryBean : Initialized JPA EntityManagerFactory for persistence unit 'default' 
2021:07:21 21:13:05.800 WARN  --- [main] o.s.b.a.o.j.JpaBaseConfiguration$JpaWebConfiguration : spring.jpa.open-in-view is enabled by default. Therefore, database queries may be performed during view rendering. Explicitly configure spring.jpa.open-in-view to disable this warning 
2021:07:21 21:13:05.894 INFO  --- [main] o.s.s.c.ThreadPoolTaskExecutor : Initializing ExecutorService 'applicationTaskExecutor' 
2021:07:21 21:13:06.136 INFO  --- [main] o.s.b.a.e.web.EndpointLinksResolver : Exposing 4 endpoint(s) beneath base path '/actuator' 
2021:07:21 21:13:06.166 INFO  --- [main] o.a.coyote.http11.Http11NioProtocol : Starting ProtocolHandler ["http-nio-8081"] 
2021:07:21 21:13:06.181 INFO  --- [main] o.s.b.w.e.tomcat.TomcatWebServer : Tomcat started on port(s): 8081 (http) with context path '' 
2021:07:21 21:13:06.195 INFO  --- [main] com.cnc.rating.RatingApplication : Started RatingApplication in 3.857 seconds (JVM running for 4.283) 
2021:07:21 21:13:23.165 INFO  --- [http-nio-8081-exec-1] o.a.c.c.C.[Tomcat].[localhost].[/] : Initializing Spring DispatcherServlet 'dispatcherServlet' 
2021:07:21 21:13:23.165 INFO  --- [http-nio-8081-exec-1] o.s.web.servlet.DispatcherServlet : Initializing Servlet 'dispatcherServlet' 
2021:07:21 21:13:23.166 INFO  --- [http-nio-8081-exec-1] o.s.web.servlet.DispatcherServlet : Completed initialization in 1 ms 
2021:07:21 21:13:57.009 INFO  --- [http-nio-8081-exec-1] c.c.r.service.AzureQueryService : service_mgmt_no : 7000028184, range : 10, duration : 33752, size : 32249  
2021:07:21 21:14:28.804 INFO  --- [http-nio-8081-exec-1] c.c.r.service.AzureQueryService : service_mgmt_no : 7000039767, range : 10, duration : 31760, size : 32051  
2021:07:21 21:14:29.447 INFO  --- [http-nio-8081-exec-2] c.c.r.service.AzureQueryService : service_mgmt_no : 7000000723, range : 10, duration : 32410, size : 32584  
2021:07:21 21:14:30.368 INFO  --- [http-nio-8081-exec-5] c.c.r.service.AzureQueryService : service_mgmt_no : 7000095487, range : 10, duration : 33329, size : 32276  
2021:07:21 21:14:30.729 INFO  --- [http-nio-8081-exec-8] c.c.r.service.AzureQueryService : service_mgmt_no : 7000029557, range : 10, duration : 33691, size : 32347  
2021:07:21 21:14:31.148 INFO  --- [http-nio-8081-exec-3] c.c.r.service.AzureQueryService : service_mgmt_no : 7000015449, range : 10, duration : 34111, size : 31900  
2021:07:21 21:14:32.967 INFO  --- [http-nio-8081-exec-10] c.c.r.service.AzureQueryService : service_mgmt_no : 7000095282, range : 10, duration : 35929, size : 32017  
2021:07:21 21:14:33.679 INFO  --- [http-nio-8081-exec-7] c.c.r.service.AzureQueryService : service_mgmt_no : 7000074124, range : 10, duration : 36641, size : 32336  
2021:07:21 21:14:54.331 INFO  --- [http-nio-8081-exec-4] c.c.r.service.AzureQueryService : service_mgmt_no : 7000039501, range : 10, duration : 57292, size : 32086  
2021:07:21 21:14:55.054 INFO  --- [http-nio-8081-exec-6] c.c.r.service.AzureQueryService : service_mgmt_no : 7000030552, range : 10, duration : 58016, size : 32294  
2021:07:21 21:15:01.039 INFO  --- [http-nio-8081-exec-1] c.c.r.service.AzureQueryService : service_mgmt_no : 7000047336, range : 10, duration : 32231, size : 32112  
2021:07:21 21:15:01.455 INFO  --- [http-nio-8081-exec-2] c.c.r.service.AzureQueryService : service_mgmt_no : 7000000518, range : 10, duration : 32003, size : 31907  
2021:07:21 21:15:02.365 INFO  --- [http-nio-8081-exec-10] c.c.r.service.AzureQueryService : service_mgmt_no : 7000005883, range : 10, duration : 29394, size : 32398  
2021:07:21 21:15:05.247 INFO  --- [http-nio-8081-exec-9] c.c.r.service.AzureQueryService : service_mgmt_no : 7000071759, range : 10, duration : 68208, size : 32092  
2021:07:21 21:15:05.926 INFO  --- [http-nio-8081-exec-5] c.c.r.service.AzureQueryService : service_mgmt_no : 7000001877, range : 10, duration : 35554, size : 32272  
2021:07:21 21:15:07.375 INFO  --- [http-nio-8081-exec-3] c.c.r.service.AzureQueryService : service_mgmt_no : 7000099861, range : 10, duration : 36223, size : 32072  
2021:07:21 21:15:09.098 INFO  --- [http-nio-8081-exec-8] c.c.r.service.AzureQueryService : service_mgmt_no : 7000040209, range : 10, duration : 38366, size : 32029  
2021:07:21 21:15:10.511 INFO  --- [http-nio-8081-exec-7] c.c.r.service.AzureQueryService : service_mgmt_no : 7000025468, range : 10, duration : 36829, size : 32042  
2021:07:21 21:15:28.594 INFO  --- [http-nio-8081-exec-6] c.c.r.service.AzureQueryService : service_mgmt_no : 7000097332, range : 10, duration : 33535, size : 32526  
2021:07:21 21:15:32.278 INFO  --- [http-nio-8081-exec-4] c.c.r.service.AzureQueryService : service_mgmt_no : 7000048367, range : 10, duration : 37944, size : 32226  
2021:07:21 21:15:37.796 INFO  --- [SpringContextShutdownHook] o.s.s.c.ThreadPoolTaskExecutor : Shutting down ExecutorService 'applicationTaskExecutor' 
2021:07:21 21:15:37.797 INFO  --- [SpringContextShutdownHook] o.s.o.j.LocalContainerEntityManagerFactoryBean : Closing JPA EntityManagerFactory for persistence unit 'default' 
2021:07:21 21:15:37.799 INFO  --- [SpringContextShutdownHook] com.zaxxer.hikari.HikariDataSource : HikariPool-1 - Shutdown initiated... 
2021:07:21 21:15:37.807 INFO  --- [SpringContextShutdownHook] com.zaxxer.hikari.HikariDataSource : HikariPool-1 - Shutdown completed. 
